10-17-2022 @ 03:33:06 - 347
10-17-2022 @ 03:33:06 - Array
(
    [0] => WP_User Object
        (
            [data] => stdClass Object
                (
                    [ID] => 1938
                    [user_login] => Emerson
                    [user_pass] => $P$B.ZhRhsEsJnqOmIyogRudraVr5AbHF0
                    [user_nicename] => emerson
                    [user_email] => emerson@metaboliccode.com
                    [user_url] => 
                    [user_registered] => 2021-08-30 19:17:22
                    [user_activation_key] => 1630351044:$P$BptvghPz9nR76GFsQXY49b.dXcbB4M.
                    [user_status] => 0
                    [display_name] => Emerson Ecologics
                )

            [ID] => 1938
            [caps] => Array
                (
                    [customer] => 1
                )

            [cap_key] => wp_capabilities
            [roles] => Array
                (
                    [0] => customer
                )

            [allcaps] => Array
                (
                    [read] => 1
                    [customer] => 1
                )

            [filter] => 
            [site_id:WP_User:private] => 1
        )

)

10-17-2022 @ 03:33:06 - 347
10-17-2022 @ 03:33:06 - Array
(
    [0] => WP_User Object
        (
            [data] => stdClass Object
                (
                    [ID] => 1938
                    [user_login] => Emerson
                    [user_pass] => $P$B.ZhRhsEsJnqOmIyogRudraVr5AbHF0
                    [user_nicename] => emerson
                    [user_email] => emerson@metaboliccode.com
                    [user_url] => 
                    [user_registered] => 2021-08-30 19:17:22
                    [user_activation_key] => 1630351044:$P$BptvghPz9nR76GFsQXY49b.dXcbB4M.
                    [user_status] => 0
                    [display_name] => Emerson Ecologics
                )

            [ID] => 1938
            [caps] => Array
                (
                    [customer] => 1
                )

            [cap_key] => wp_capabilities
            [roles] => Array
                (
                    [0] => customer
                )

            [allcaps] => Array
                (
                    [read] => 1
                    [customer] => 1
                )

            [filter] => 
            [site_id:WP_User:private] => 1
        )

)

10-17-2022 @ 03:33:06 - 347
10-17-2022 @ 03:33:06 - Array
(
    [0] => WP_User Object
        (
            [data] => stdClass Object
                (
                    [ID] => 1938
                    [user_login] => Emerson
                    [user_pass] => $P$B.ZhRhsEsJnqOmIyogRudraVr5AbHF0
                    [user_nicename] => emerson
                    [user_email] => emerson@metaboliccode.com
                    [user_url] => 
                    [user_registered] => 2021-08-30 19:17:22
                    [user_activation_key] => 1630351044:$P$BptvghPz9nR76GFsQXY49b.dXcbB4M.
                    [user_status] => 0
                    [display_name] => Emerson Ecologics
                )

            [ID] => 1938
            [caps] => Array
                (
                    [customer] => 1
                )

            [cap_key] => wp_capabilities
            [roles] => Array
                (
                    [0] => customer
                )

            [allcaps] => Array
                (
                    [read] => 1
                    [customer] => 1
                )

            [filter] => 
            [site_id:WP_User:private] => 1
        )

)

10-17-2022 @ 03:33:06 - 214
10-17-2022 @ 03:33:06 - Array
(
)

10-17-2022 @ 03:33:06 - 347
10-17-2022 @ 03:33:06 - Array
(
    [0] => WP_User Object
        (
            [data] => stdClass Object
                (
                    [ID] => 1938
                    [user_login] => Emerson
                    [user_pass] => $P$B.ZhRhsEsJnqOmIyogRudraVr5AbHF0
                    [user_nicename] => emerson
                    [user_email] => emerson@metaboliccode.com
                    [user_url] => 
                    [user_registered] => 2021-08-30 19:17:22
                    [user_activation_key] => 1630351044:$P$BptvghPz9nR76GFsQXY49b.dXcbB4M.
                    [user_status] => 0
                    [display_name] => Emerson Ecologics
                )

            [ID] => 1938
            [caps] => Array
                (
                    [customer] => 1
                )

            [cap_key] => wp_capabilities
            [roles] => Array
                (
                    [0] => customer
                )

            [allcaps] => Array
                (
                    [read] => 1
                    [customer] => 1
                )

            [filter] => 
            [site_id:WP_User:private] => 1
        )

)

10-17-2022 @ 03:33:06 - 347
10-17-2022 @ 03:33:06 - Array
(
    [0] => WP_User Object
        (
            [data] => stdClass Object
                (
                    [ID] => 1938
                    [user_login] => Emerson
                    [user_pass] => $P$B.ZhRhsEsJnqOmIyogRudraVr5AbHF0
                    [user_nicename] => emerson
                    [user_email] => emerson@metaboliccode.com
                    [user_url] => 
                    [user_registered] => 2021-08-30 19:17:22
                    [user_activation_key] => 1630351044:$P$BptvghPz9nR76GFsQXY49b.dXcbB4M.
                    [user_status] => 0
                    [display_name] => Emerson Ecologics
                )

            [ID] => 1938
            [caps] => Array
                (
                    [customer] => 1
                )

            [cap_key] => wp_capabilities
            [roles] => Array
                (
                    [0] => customer
                )

            [allcaps] => Array
                (
                    [read] => 1
                    [customer] => 1
                )

            [filter] => 
            [site_id:WP_User:private] => 1
        )

)

10-17-2022 @ 03:33:06 - 347
10-17-2022 @ 03:33:06 - Array
(
    [0] => WP_User Object
        (
            [data] => stdClass Object
                (
                    [ID] => 1938
                    [user_login] => Emerson
                    [user_pass] => $P$B.ZhRhsEsJnqOmIyogRudraVr5AbHF0
                    [user_nicename] => emerson
                    [user_email] => emerson@metaboliccode.com
                    [user_url] => 
                    [user_registered] => 2021-08-30 19:17:22
                    [user_activation_key] => 1630351044:$P$BptvghPz9nR76GFsQXY49b.dXcbB4M.
                    [user_status] => 0
                    [display_name] => Emerson Ecologics
                )

            [ID] => 1938
            [caps] => Array
                (
                    [customer] => 1
                )

            [cap_key] => wp_capabilities
            [roles] => Array
                (
                    [0] => customer
                )

            [allcaps] => Array
                (
                    [read] => 1
                    [customer] => 1
                )

            [filter] => 
            [site_id:WP_User:private] => 1
        )

)

10-17-2022 @ 03:33:06 - 214
10-17-2022 @ 03:33:06 - Array
(
)

10-17-2022 @ 03:33:06 - 347
10-17-2022 @ 03:33:06 - Array
(
    [0] => WP_User Object
        (
            [data] => stdClass Object
                (
                    [ID] => 1938
                    [user_login] => Emerson
                    [user_pass] => $P$B.ZhRhsEsJnqOmIyogRudraVr5AbHF0
                    [user_nicename] => emerson
                    [user_email] => emerson@metaboliccode.com
                    [user_url] => 
                    [user_registered] => 2021-08-30 19:17:22
                    [user_activation_key] => 1630351044:$P$BptvghPz9nR76GFsQXY49b.dXcbB4M.
                    [user_status] => 0
                    [display_name] => Emerson Ecologics
                )

            [ID] => 1938
            [caps] => Array
                (
                    [customer] => 1
                )

            [cap_key] => wp_capabilities
            [roles] => Array
                (
                    [0] => customer
                )

            [allcaps] => Array
                (
                    [read] => 1
                    [customer] => 1
                )

            [filter] => 
            [site_id:WP_User:private] => 1
        )

)

10-17-2022 @ 03:33:06 - 347
10-17-2022 @ 03:33:06 - Array
(
    [0] => WP_User Object
        (
            [data] => stdClass Object
                (
                    [ID] => 1938
                    [user_login] => Emerson
                    [user_pass] => $P$B.ZhRhsEsJnqOmIyogRudraVr5AbHF0
                    [user_nicename] => emerson
                    [user_email] => emerson@metaboliccode.com
                    [user_url] => 
                    [user_registered] => 2021-08-30 19:17:22
                    [user_activation_key] => 1630351044:$P$BptvghPz9nR76GFsQXY49b.dXcbB4M.
                    [user_status] => 0
                    [display_name] => Emerson Ecologics
                )

            [ID] => 1938
            [caps] => Array
                (
                    [customer] => 1
                )

            [cap_key] => wp_capabilities
            [roles] => Array
                (
                    [0] => customer
                )

            [allcaps] => Array
                (
                    [read] => 1
                    [customer] => 1
                )

            [filter] => 
            [site_id:WP_User:private] => 1
        )

)

10-17-2022 @ 03:33:06 - 347
10-17-2022 @ 03:33:06 - Array
(
    [0] => WP_User Object
        (
            [data] => stdClass Object
                (
                    [ID] => 1938
                    [user_login] => Emerson
                    [user_pass] => $P$B.ZhRhsEsJnqOmIyogRudraVr5AbHF0
                    [user_nicename] => emerson
                    [user_email] => emerson@metaboliccode.com
                    [user_url] => 
                    [user_registered] => 2021-08-30 19:17:22
                    [user_activation_key] => 1630351044:$P$BptvghPz9nR76GFsQXY49b.dXcbB4M.
                    [user_status] => 0
                    [display_name] => Emerson Ecologics
                )

            [ID] => 1938
            [caps] => Array
                (
                    [customer] => 1
                )

            [cap_key] => wp_capabilities
            [roles] => Array
                (
                    [0] => customer
                )

            [allcaps] => Array
                (
                    [read] => 1
                    [customer] => 1
                )

            [filter] => 
            [site_id:WP_User:private] => 1
        )

)

10-17-2022 @ 03:33:06 - 214
10-17-2022 @ 03:33:06 - Array
(
)

10-17-2022 @ 03:33:06 - 347
10-17-2022 @ 03:33:06 - Array
(
    [0] => WP_User Object
        (
            [data] => stdClass Object
                (
                    [ID] => 1938
                    [user_login] => Emerson
                    [user_pass] => $P$B.ZhRhsEsJnqOmIyogRudraVr5AbHF0
                    [user_nicename] => emerson
                    [user_email] => emerson@metaboliccode.com
                    [user_url] => 
                    [user_registered] => 2021-08-30 19:17:22
                    [user_activation_key] => 1630351044:$P$BptvghPz9nR76GFsQXY49b.dXcbB4M.
                    [user_status] => 0
                    [display_name] => Emerson Ecologics
                )

            [ID] => 1938
            [caps] => Array
                (
                    [customer] => 1
                )

            [cap_key] => wp_capabilities
            [roles] => Array
                (
                    [0] => customer
                )

            [allcaps] => Array
                (
                    [read] => 1
                    [customer] => 1
                )

            [filter] => 
            [site_id:WP_User:private] => 1
        )

)

10-17-2022 @ 03:33:06 - 347
10-17-2022 @ 03:33:06 - Array
(
    [0] => WP_User Object
        (
            [data] => stdClass Object
                (
                    [ID] => 1938
                    [user_login] => Emerson
                    [user_pass] => $P$B.ZhRhsEsJnqOmIyogRudraVr5AbHF0
                    [user_nicename] => emerson
                    [user_email] => emerson@metaboliccode.com
                    [user_url] => 
                    [user_registered] => 2021-08-30 19:17:22
                    [user_activation_key] => 1630351044:$P$BptvghPz9nR76GFsQXY49b.dXcbB4M.
                    [user_status] => 0
                    [display_name] => Emerson Ecologics
                )

            [ID] => 1938
            [caps] => Array
                (
                    [customer] => 1
                )

            [cap_key] => wp_capabilities
            [roles] => Array
                (
                    [0] => customer
                )

            [allcaps] => Array
                (
                    [read] => 1
                    [customer] => 1
                )

            [filter] => 
            [site_id:WP_User:private] => 1
        )

)

10-17-2022 @ 03:33:06 - 347
10-17-2022 @ 03:33:06 - Array
(
    [0] => WP_User Object
        (
            [data] => stdClass Object
                (
                    [ID] => 1938
                    [user_login] => Emerson
                    [user_pass] => $P$B.ZhRhsEsJnqOmIyogRudraVr5AbHF0
                    [user_nicename] => emerson
                    [user_email] => emerson@metaboliccode.com
                    [user_url] => 
                    [user_registered] => 2021-08-30 19:17:22
                    [user_activation_key] => 1630351044:$P$BptvghPz9nR76GFsQXY49b.dXcbB4M.
                    [user_status] => 0
                    [display_name] => Emerson Ecologics
                )

            [ID] => 1938
            [caps] => Array
                (
                    [customer] => 1
                )

            [cap_key] => wp_capabilities
            [roles] => Array
                (
                    [0] => customer
                )

            [allcaps] => Array
                (
                    [read] => 1
                    [customer] => 1
                )

            [filter] => 
            [site_id:WP_User:private] => 1
        )

)

10-17-2022 @ 03:33:06 - 214
10-17-2022 @ 03:33:06 - Array
(
)

10-17-2022 @ 03:33:13 - 347
10-17-2022 @ 03:33:13 - Array
(
    [0] => WP_User Object
        (
            [data] => stdClass Object
                (
                    [ID] => 1938
                    [user_login] => Emerson
                    [user_pass] => $P$B.ZhRhsEsJnqOmIyogRudraVr5AbHF0
                    [user_nicename] => emerson
                    [user_email] => emerson@metaboliccode.com
                    [user_url] => 
                    [user_registered] => 2021-08-30 19:17:22
                    [user_activation_key] => 1630351044:$P$BptvghPz9nR76GFsQXY49b.dXcbB4M.
                    [user_status] => 0
                    [display_name] => Emerson Ecologics
                )

            [ID] => 1938
            [caps] => Array
                (
                    [customer] => 1
                )

            [cap_key] => wp_capabilities
            [roles] => Array
                (
                    [0] => customer
                )

            [allcaps] => Array
                (
                    [read] => 1
                    [customer] => 1
                )

            [filter] => 
            [site_id:WP_User:private] => 1
        )

)

10-17-2022 @ 03:33:13 - 347
10-17-2022 @ 03:33:13 - Array
(
    [0] => WP_User Object
        (
            [data] => stdClass Object
                (
                    [ID] => 1938
                    [user_login] => Emerson
                    [user_pass] => $P$B.ZhRhsEsJnqOmIyogRudraVr5AbHF0
                    [user_nicename] => emerson
                    [user_email] => emerson@metaboliccode.com
                    [user_url] => 
                    [user_registered] => 2021-08-30 19:17:22
                    [user_activation_key] => 1630351044:$P$BptvghPz9nR76GFsQXY49b.dXcbB4M.
                    [user_status] => 0
                    [display_name] => Emerson Ecologics
                )

            [ID] => 1938
            [caps] => Array
                (
                    [customer] => 1
                )

            [cap_key] => wp_capabilities
            [roles] => Array
                (
                    [0] => customer
                )

            [allcaps] => Array
                (
                    [read] => 1
                    [customer] => 1
                )

            [filter] => 
            [site_id:WP_User:private] => 1
        )

)

10-17-2022 @ 03:33:13 - 347
10-17-2022 @ 03:33:13 - Array
(
    [0] => WP_User Object
        (
            [data] => stdClass Object
                (
                    [ID] => 1938
                    [user_login] => Emerson
                    [user_pass] => $P$B.ZhRhsEsJnqOmIyogRudraVr5AbHF0
                    [user_nicename] => emerson
                    [user_email] => emerson@metaboliccode.com
                    [user_url] => 
                    [user_registered] => 2021-08-30 19:17:22
                    [user_activation_key] => 1630351044:$P$BptvghPz9nR76GFsQXY49b.dXcbB4M.
                    [user_status] => 0
                    [display_name] => Emerson Ecologics
                )

            [ID] => 1938
            [caps] => Array
                (
                    [customer] => 1
                )

            [cap_key] => wp_capabilities
            [roles] => Array
                (
                    [0] => customer
                )

            [allcaps] => Array
                (
                    [read] => 1
                    [customer] => 1
                )

            [filter] => 
            [site_id:WP_User:private] => 1
        )

)

10-17-2022 @ 03:33:13 - 214
10-17-2022 @ 03:33:13 - Array
(
)

10-17-2022 @ 03:33:13 - 347
10-17-2022 @ 03:33:13 - Array
(
    [0] => WP_User Object
        (
            [data] => stdClass Object
                (
                    [ID] => 1938
                    [user_login] => Emerson
                    [user_pass] => $P$B.ZhRhsEsJnqOmIyogRudraVr5AbHF0
                    [user_nicename] => emerson
                    [user_email] => emerson@metaboliccode.com
                    [user_url] => 
                    [user_registered] => 2021-08-30 19:17:22
                    [user_activation_key] => 1630351044:$P$BptvghPz9nR76GFsQXY49b.dXcbB4M.
                    [user_status] => 0
                    [display_name] => Emerson Ecologics
                )

            [ID] => 1938
            [caps] => Array
                (
                    [customer] => 1
                )

            [cap_key] => wp_capabilities
            [roles] => Array
                (
                    [0] => customer
                )

            [allcaps] => Array
                (
                    [read] => 1
                    [customer] => 1
                )

            [filter] => 
            [site_id:WP_User:private] => 1
        )

)

10-17-2022 @ 03:33:13 - 347
10-17-2022 @ 03:33:13 - Array
(
    [0] => WP_User Object
        (
            [data] => stdClass Object
                (
                    [ID] => 1938
                    [user_login] => Emerson
                    [user_pass] => $P$B.ZhRhsEsJnqOmIyogRudraVr5AbHF0
                    [user_nicename] => emerson
                    [user_email] => emerson@metaboliccode.com
                    [user_url] => 
                    [user_registered] => 2021-08-30 19:17:22
                    [user_activation_key] => 1630351044:$P$BptvghPz9nR76GFsQXY49b.dXcbB4M.
                    [user_status] => 0
                    [display_name] => Emerson Ecologics
                )

            [ID] => 1938
            [caps] => Array
                (
                    [customer] => 1
                )

            [cap_key] => wp_capabilities
            [roles] => Array
                (
                    [0] => customer
                )

            [allcaps] => Array
                (
                    [read] => 1
                    [customer] => 1
                )

            [filter] => 
            [site_id:WP_User:private] => 1
        )

)

10-17-2022 @ 03:33:13 - 347
10-17-2022 @ 03:33:13 - Array
(
    [0] => WP_User Object
        (
            [data] => stdClass Object
                (
                    [ID] => 1938
                    [user_login] => Emerson
                    [user_pass] => $P$B.ZhRhsEsJnqOmIyogRudraVr5AbHF0
                    [user_nicename] => emerson
                    [user_email] => emerson@metaboliccode.com
                    [user_url] => 
                    [user_registered] => 2021-08-30 19:17:22
                    [user_activation_key] => 1630351044:$P$BptvghPz9nR76GFsQXY49b.dXcbB4M.
                    [user_status] => 0
                    [display_name] => Emerson Ecologics
                )

            [ID] => 1938
            [caps] => Array
                (
                    [customer] => 1
                )

            [cap_key] => wp_capabilities
            [roles] => Array
                (
                    [0] => customer
                )

            [allcaps] => Array
                (
                    [read] => 1
                    [customer] => 1
                )

            [filter] => 
            [site_id:WP_User:private] => 1
        )

)

10-17-2022 @ 03:33:13 - 214
10-17-2022 @ 03:33:13 - Array
(
)

10-17-2022 @ 03:33:13 - 347
10-17-2022 @ 03:33:13 - Array
(
    [0] => WP_User Object
        (
            [data] => stdClass Object
                (
                    [ID] => 1938
                    [user_login] => Emerson
                    [user_pass] => $P$B.ZhRhsEsJnqOmIyogRudraVr5AbHF0
                    [user_nicename] => emerson
                    [user_email] => emerson@metaboliccode.com
                    [user_url] => 
                    [user_registered] => 2021-08-30 19:17:22
                    [user_activation_key] => 1630351044:$P$BptvghPz9nR76GFsQXY49b.dXcbB4M.
                    [user_status] => 0
                    [display_name] => Emerson Ecologics
                )

            [ID] => 1938
            [caps] => Array
                (
                    [customer] => 1
                )

            [cap_key] => wp_capabilities
            [roles] => Array
                (
                    [0] => customer
                )

            [allcaps] => Array
                (
                    [read] => 1
                    [customer] => 1
                )

            [filter] => 
            [site_id:WP_User:private] => 1
        )

)

10-17-2022 @ 03:33:13 - 347
10-17-2022 @ 03:33:13 - Array
(
    [0] => WP_User Object
        (
            [data] => stdClass Object
                (
                    [ID] => 1938
                    [user_login] => Emerson
                    [user_pass] => $P$B.ZhRhsEsJnqOmIyogRudraVr5AbHF0
                    [user_nicename] => emerson
                    [user_email] => emerson@metaboliccode.com
                    [user_url] => 
                    [user_registered] => 2021-08-30 19:17:22
                    [user_activation_key] => 1630351044:$P$BptvghPz9nR76GFsQXY49b.dXcbB4M.
                    [user_status] => 0
                    [display_name] => Emerson Ecologics
                )

            [ID] => 1938
            [caps] => Array
                (
                    [customer] => 1
                )

            [cap_key] => wp_capabilities
            [roles] => Array
                (
                    [0] => customer
                )

            [allcaps] => Array
                (
                    [read] => 1
                    [customer] => 1
                )

            [filter] => 
            [site_id:WP_User:private] => 1
        )

)

10-17-2022 @ 03:33:13 - 347
10-17-2022 @ 03:33:13 - Array
(
    [0] => WP_User Object
        (
            [data] => stdClass Object
                (
                    [ID] => 1938
                    [user_login] => Emerson
                    [user_pass] => $P$B.ZhRhsEsJnqOmIyogRudraVr5AbHF0
                    [user_nicename] => emerson
                    [user_email] => emerson@metaboliccode.com
                    [user_url] => 
                    [user_registered] => 2021-08-30 19:17:22
                    [user_activation_key] => 1630351044:$P$BptvghPz9nR76GFsQXY49b.dXcbB4M.
                    [user_status] => 0
                    [display_name] => Emerson Ecologics
                )

            [ID] => 1938
            [caps] => Array
                (
                    [customer] => 1
                )

            [cap_key] => wp_capabilities
            [roles] => Array
                (
                    [0] => customer
                )

            [allcaps] => Array
                (
                    [read] => 1
                    [customer] => 1
                )

            [filter] => 
            [site_id:WP_User:private] => 1
        )

)

10-17-2022 @ 03:33:13 - 214
10-17-2022 @ 03:33:13 - Array
(
)

10-17-2022 @ 03:33:13 - 347
10-17-2022 @ 03:33:13 - Array
(
    [0] => WP_User Object
        (
            [data] => stdClass Object
                (
                    [ID] => 1938
                    [user_login] => Emerson
                    [user_pass] => $P$B.ZhRhsEsJnqOmIyogRudraVr5AbHF0
                    [user_nicename] => emerson
                    [user_email] => emerson@metaboliccode.com
                    [user_url] => 
                    [user_registered] => 2021-08-30 19:17:22
                    [user_activation_key] => 1630351044:$P$BptvghPz9nR76GFsQXY49b.dXcbB4M.
                    [user_status] => 0
                    [display_name] => Emerson Ecologics
                )

            [ID] => 1938
            [caps] => Array
                (
                    [customer] => 1
                )

            [cap_key] => wp_capabilities
            [roles] => Array
                (
                    [0] => customer
                )

            [allcaps] => Array
                (
                    [read] => 1
                    [customer] => 1
                )

            [filter] => 
            [site_id:WP_User:private] => 1
        )

)

10-17-2022 @ 03:33:13 - 347
10-17-2022 @ 03:33:13 - Array
(
    [0] => WP_User Object
        (
            [data] => stdClass Object
                (
                    [ID] => 1938
                    [user_login] => Emerson
                    [user_pass] => $P$B.ZhRhsEsJnqOmIyogRudraVr5AbHF0
                    [user_nicename] => emerson
                    [user_email] => emerson@metaboliccode.com
                    [user_url] => 
                    [user_registered] => 2021-08-30 19:17:22
                    [user_activation_key] => 1630351044:$P$BptvghPz9nR76GFsQXY49b.dXcbB4M.
                    [user_status] => 0
                    [display_name] => Emerson Ecologics
                )

            [ID] => 1938
            [caps] => Array
                (
                    [customer] => 1
                )

            [cap_key] => wp_capabilities
            [roles] => Array
                (
                    [0] => customer
                )

            [allcaps] => Array
                (
                    [read] => 1
                    [customer] => 1
                )

            [filter] => 
            [site_id:WP_User:private] => 1
        )

)

10-17-2022 @ 03:33:13 - 347
10-17-2022 @ 03:33:13 - Array
(
    [0] => WP_User Object
        (
            [data] => stdClass Object
                (
                    [ID] => 1938
                    [user_login] => Emerson
                    [user_pass] => $P$B.ZhRhsEsJnqOmIyogRudraVr5AbHF0
                    [user_nicename] => emerson
                    [user_email] => emerson@metaboliccode.com
                    [user_url] => 
                    [user_registered] => 2021-08-30 19:17:22
                    [user_activation_key] => 1630351044:$P$BptvghPz9nR76GFsQXY49b.dXcbB4M.
                    [user_status] => 0
                    [display_name] => Emerson Ecologics
                )

            [ID] => 1938
            [caps] => Array
                (
                    [customer] => 1
                )

            [cap_key] => wp_capabilities
            [roles] => Array
                (
                    [0] => customer
                )

            [allcaps] => Array
                (
                    [read] => 1
                    [customer] => 1
                )

            [filter] => 
            [site_id:WP_User:private] => 1
        )

)

10-17-2022 @ 03:33:13 - 214
10-17-2022 @ 03:33:13 - Array
(
)

10-17-2022 @ 07:09:01 - 347
10-17-2022 @ 07:09:01 - Array
(
    [0] => WP_User Object
        (
            [data] => stdClass Object
                (
                    [ID] => 1938
                    [user_login] => Emerson
                    [user_pass] => $P$B.ZhRhsEsJnqOmIyogRudraVr5AbHF0
                    [user_nicename] => emerson
                    [user_email] => emerson@metaboliccode.com
                    [user_url] => 
                    [user_registered] => 2021-08-30 19:17:22
                    [user_activation_key] => 1630351044:$P$BptvghPz9nR76GFsQXY49b.dXcbB4M.
                    [user_status] => 0
                    [display_name] => Emerson Ecologics
                )

            [ID] => 1938
            [caps] => Array
                (
                    [customer] => 1
                )

            [cap_key] => wp_capabilities
            [roles] => Array
                (
                    [0] => customer
                )

            [allcaps] => Array
                (
                    [read] => 1
                    [customer] => 1
                )

            [filter] => 
            [site_id:WP_User:private] => 1
        )

)

10-17-2022 @ 07:09:01 - 214
10-17-2022 @ 07:09:01 - Array
(
)

10-17-2022 @ 07:09:01 - 347
10-17-2022 @ 07:09:01 - Array
(
    [0] => WP_User Object
        (
            [data] => stdClass Object
                (
                    [ID] => 1938
                    [user_login] => Emerson
                    [user_pass] => $P$B.ZhRhsEsJnqOmIyogRudraVr5AbHF0
                    [user_nicename] => emerson
                    [user_email] => emerson@metaboliccode.com
                    [user_url] => 
                    [user_registered] => 2021-08-30 19:17:22
                    [user_activation_key] => 1630351044:$P$BptvghPz9nR76GFsQXY49b.dXcbB4M.
                    [user_status] => 0
                    [display_name] => Emerson Ecologics
                )

            [ID] => 1938
            [caps] => Array
                (
                    [customer] => 1
                )

            [cap_key] => wp_capabilities
            [roles] => Array
                (
                    [0] => customer
                )

            [allcaps] => Array
                (
                    [read] => 1
                    [customer] => 1
                )

            [filter] => 
            [site_id:WP_User:private] => 1
        )

)

10-17-2022 @ 07:09:01 - 214
10-17-2022 @ 07:09:01 - Array
(
)

10-17-2022 @ 07:09:01 - 347
10-17-2022 @ 07:09:01 - Array
(
    [0] => WP_User Object
        (
            [data] => stdClass Object
                (
                    [ID] => 1938
                    [user_login] => Emerson
                    [user_pass] => $P$B.ZhRhsEsJnqOmIyogRudraVr5AbHF0
                    [user_nicename] => emerson
                    [user_email] => emerson@metaboliccode.com
                    [user_url] => 
                    [user_registered] => 2021-08-30 19:17:22
                    [user_activation_key] => 1630351044:$P$BptvghPz9nR76GFsQXY49b.dXcbB4M.
                    [user_status] => 0
                    [display_name] => Emerson Ecologics
                )

            [ID] => 1938
            [caps] => Array
                (
                    [customer] => 1
                )

            [cap_key] => wp_capabilities
            [roles] => Array
                (
                    [0] => customer
                )

            [allcaps] => Array
                (
                    [read] => 1
                    [customer] => 1
                )

            [filter] => 
            [site_id:WP_User:private] => 1
        )

)

10-17-2022 @ 07:09:01 - 214
10-17-2022 @ 07:09:01 - Array
(
)

10-17-2022 @ 07:09:01 - 347
10-17-2022 @ 07:09:01 - Array
(
    [0] => WP_User Object
        (
            [data] => stdClass Object
                (
                    [ID] => 1938
                    [user_login] => Emerson
                    [user_pass] => $P$B.ZhRhsEsJnqOmIyogRudraVr5AbHF0
                    [user_nicename] => emerson
                    [user_email] => emerson@metaboliccode.com
                    [user_url] => 
                    [user_registered] => 2021-08-30 19:17:22
                    [user_activation_key] => 1630351044:$P$BptvghPz9nR76GFsQXY49b.dXcbB4M.
                    [user_status] => 0
                    [display_name] => Emerson Ecologics
                )

            [ID] => 1938
            [caps] => Array
                (
                    [customer] => 1
                )

            [cap_key] => wp_capabilities
            [roles] => Array
                (
                    [0] => customer
                )

            [allcaps] => Array
                (
                    [read] => 1
                    [customer] => 1
                )

            [filter] => 
            [site_id:WP_User:private] => 1
        )

)

10-17-2022 @ 07:09:01 - 214
10-17-2022 @ 07:09:01 - Array
(
)

10-17-2022 @ 07:09:03 - 347
10-17-2022 @ 07:09:03 - Array
(
    [0] => WP_User Object
        (
            [data] => stdClass Object
                (
                    [ID] => 1938
                    [user_login] => Emerson
                    [user_pass] => $P$B.ZhRhsEsJnqOmIyogRudraVr5AbHF0
                    [user_nicename] => emerson
                    [user_email] => emerson@metaboliccode.com
                    [user_url] => 
                    [user_registered] => 2021-08-30 19:17:22
                    [user_activation_key] => 1630351044:$P$BptvghPz9nR76GFsQXY49b.dXcbB4M.
                    [user_status] => 0
                    [display_name] => Emerson Ecologics
                )

            [ID] => 1938
            [caps] => Array
                (
                    [customer] => 1
                )

            [cap_key] => wp_capabilities
            [roles] => Array
                (
                    [0] => customer
                )

            [allcaps] => Array
                (
                    [read] => 1
                    [customer] => 1
                )

            [filter] => 
            [site_id:WP_User:private] => 1
        )

)

10-17-2022 @ 07:09:03 - 214
10-17-2022 @ 07:09:03 - Array
(
)

10-17-2022 @ 07:09:03 - 347
10-17-2022 @ 07:09:03 - Array
(
    [0] => WP_User Object
        (
            [data] => stdClass Object
                (
                    [ID] => 1938
                    [user_login] => Emerson
                    [user_pass] => $P$B.ZhRhsEsJnqOmIyogRudraVr5AbHF0
                    [user_nicename] => emerson
                    [user_email] => emerson@metaboliccode.com
                    [user_url] => 
                    [user_registered] => 2021-08-30 19:17:22
                    [user_activation_key] => 1630351044:$P$BptvghPz9nR76GFsQXY49b.dXcbB4M.
                    [user_status] => 0
                    [display_name] => Emerson Ecologics
                )

            [ID] => 1938
            [caps] => Array
                (
                    [customer] => 1
                )

            [cap_key] => wp_capabilities
            [roles] => Array
                (
                    [0] => customer
                )

            [allcaps] => Array
                (
                    [read] => 1
                    [customer] => 1
                )

            [filter] => 
            [site_id:WP_User:private] => 1
        )

)

10-17-2022 @ 07:09:03 - 214
10-17-2022 @ 07:09:03 - Array
(
)

10-17-2022 @ 07:09:03 - 347
10-17-2022 @ 07:09:03 - Array
(
    [0] => WP_User Object
        (
            [data] => stdClass Object
                (
                    [ID] => 1938
                    [user_login] => Emerson
                    [user_pass] => $P$B.ZhRhsEsJnqOmIyogRudraVr5AbHF0
                    [user_nicename] => emerson
                    [user_email] => emerson@metaboliccode.com
                    [user_url] => 
                    [user_registered] => 2021-08-30 19:17:22
                    [user_activation_key] => 1630351044:$P$BptvghPz9nR76GFsQXY49b.dXcbB4M.
                    [user_status] => 0
                    [display_name] => Emerson Ecologics
                )

            [ID] => 1938
            [caps] => Array
                (
                    [customer] => 1
                )

            [cap_key] => wp_capabilities
            [roles] => Array
                (
                    [0] => customer
                )

            [allcaps] => Array
                (
                    [read] => 1
                    [customer] => 1
                )

            [filter] => 
            [site_id:WP_User:private] => 1
        )

)

10-17-2022 @ 07:09:03 - 214
10-17-2022 @ 07:09:03 - Array
(
)

10-17-2022 @ 07:09:03 - 347
10-17-2022 @ 07:09:03 - Array
(
    [0] => WP_User Object
        (
            [data] => stdClass Object
                (
                    [ID] => 1938
                    [user_login] => Emerson
                    [user_pass] => $P$B.ZhRhsEsJnqOmIyogRudraVr5AbHF0
                    [user_nicename] => emerson
                    [user_email] => emerson@metaboliccode.com
                    [user_url] => 
                    [user_registered] => 2021-08-30 19:17:22
                    [user_activation_key] => 1630351044:$P$BptvghPz9nR76GFsQXY49b.dXcbB4M.
                    [user_status] => 0
                    [display_name] => Emerson Ecologics
                )

            [ID] => 1938
            [caps] => Array
                (
                    [customer] => 1
                )

            [cap_key] => wp_capabilities
            [roles] => Array
                (
                    [0] => customer
                )

            [allcaps] => Array
                (
                    [read] => 1
                    [customer] => 1
                )

            [filter] => 
            [site_id:WP_User:private] => 1
        )

)

10-17-2022 @ 07:09:03 - 214
10-17-2022 @ 07:09:03 - Array
(
)

10-17-2022 @ 07:09:07 - 347
10-17-2022 @ 07:09:07 - Array
(
    [0] => WP_User Object
        (
            [data] => stdClass Object
                (
                    [ID] => 1938
                    [user_login] => Emerson
                    [user_pass] => $P$B.ZhRhsEsJnqOmIyogRudraVr5AbHF0
                    [user_nicename] => emerson
                    [user_email] => emerson@metaboliccode.com
                    [user_url] => 
                    [user_registered] => 2021-08-30 19:17:22
                    [user_activation_key] => 1630351044:$P$BptvghPz9nR76GFsQXY49b.dXcbB4M.
                    [user_status] => 0
                    [display_name] => Emerson Ecologics
                )

            [ID] => 1938
            [caps] => Array
                (
                    [customer] => 1
                )

            [cap_key] => wp_capabilities
            [roles] => Array
                (
                    [0] => customer
                )

            [allcaps] => Array
                (
                    [read] => 1
                    [customer] => 1
                )

            [filter] => 
            [site_id:WP_User:private] => 1
        )

)

10-17-2022 @ 07:09:07 - 214
10-17-2022 @ 07:09:07 - Array
(
)

10-17-2022 @ 07:09:07 - 347
10-17-2022 @ 07:09:07 - Array
(
    [0] => WP_User Object
        (
            [data] => stdClass Object
                (
                    [ID] => 1938
                    [user_login] => Emerson
                    [user_pass] => $P$B.ZhRhsEsJnqOmIyogRudraVr5AbHF0
                    [user_nicename] => emerson
                    [user_email] => emerson@metaboliccode.com
                    [user_url] => 
                    [user_registered] => 2021-08-30 19:17:22
                    [user_activation_key] => 1630351044:$P$BptvghPz9nR76GFsQXY49b.dXcbB4M.
                    [user_status] => 0
                    [display_name] => Emerson Ecologics
                )

            [ID] => 1938
            [caps] => Array
                (
                    [customer] => 1
                )

            [cap_key] => wp_capabilities
            [roles] => Array
                (
                    [0] => customer
                )

            [allcaps] => Array
                (
                    [read] => 1
                    [customer] => 1
                )

            [filter] => 
            [site_id:WP_User:private] => 1
        )

)

10-17-2022 @ 07:09:07 - 214
10-17-2022 @ 07:09:07 - Array
(
)

10-17-2022 @ 07:09:13 - 347
10-17-2022 @ 07:09:13 - Array
(
    [0] => WP_User Object
        (
            [data] => stdClass Object
                (
                    [ID] => 1938
                    [user_login] => Emerson
                    [user_pass] => $P$B.ZhRhsEsJnqOmIyogRudraVr5AbHF0
                    [user_nicename] => emerson
                    [user_email] => emerson@metaboliccode.com
                    [user_url] => 
                    [user_registered] => 2021-08-30 19:17:22
                    [user_activation_key] => 1630351044:$P$BptvghPz9nR76GFsQXY49b.dXcbB4M.
                    [user_status] => 0
                    [display_name] => Emerson Ecologics
                )

            [ID] => 1938
            [caps] => Array
                (
                    [customer] => 1
                )

            [cap_key] => wp_capabilities
            [roles] => Array
                (
                    [0] => customer
                )

            [allcaps] => Array
                (
                    [read] => 1
                    [customer] => 1
                )

            [filter] => 
            [site_id:WP_User:private] => 1
        )

)

10-17-2022 @ 07:09:13 - 214
10-17-2022 @ 07:09:13 - Array
(
)

10-17-2022 @ 07:09:13 - 347
10-17-2022 @ 07:09:13 - Array
(
    [0] => WP_User Object
        (
            [data] => stdClass Object
                (
                    [ID] => 1938
                    [user_login] => Emerson
                    [user_pass] => $P$B.ZhRhsEsJnqOmIyogRudraVr5AbHF0
                    [user_nicename] => emerson
                    [user_email] => emerson@metaboliccode.com
                    [user_url] => 
                    [user_registered] => 2021-08-30 19:17:22
                    [user_activation_key] => 1630351044:$P$BptvghPz9nR76GFsQXY49b.dXcbB4M.
                    [user_status] => 0
                    [display_name] => Emerson Ecologics
                )

            [ID] => 1938
            [caps] => Array
                (
                    [customer] => 1
                )

            [cap_key] => wp_capabilities
            [roles] => Array
                (
                    [0] => customer
                )

            [allcaps] => Array
                (
                    [read] => 1
                    [customer] => 1
                )

            [filter] => 
            [site_id:WP_User:private] => 1
        )

)

10-17-2022 @ 07:09:13 - 214
10-17-2022 @ 07:09:13 - Array
(
)

10-17-2022 @ 07:18:36 - 347
10-17-2022 @ 07:18:36 - Array
(
    [0] => WP_User Object
        (
            [data] => stdClass Object
                (
                    [ID] => 1938
                    [user_login] => Emerson
                    [user_pass] => $P$B.ZhRhsEsJnqOmIyogRudraVr5AbHF0
                    [user_nicename] => emerson
                    [user_email] => emerson@metaboliccode.com
                    [user_url] => 
                    [user_registered] => 2021-08-30 19:17:22
                    [user_activation_key] => 1630351044:$P$BptvghPz9nR76GFsQXY49b.dXcbB4M.
                    [user_status] => 0
                    [display_name] => Emerson Ecologics
                )

            [ID] => 1938
            [caps] => Array
                (
                    [customer] => 1
                )

            [cap_key] => wp_capabilities
            [roles] => Array
                (
                    [0] => customer
                )

            [allcaps] => Array
                (
                    [read] => 1
                    [customer] => 1
                )

            [filter] => 
            [site_id:WP_User:private] => 1
        )

)

10-17-2022 @ 07:18:41 - 347
10-17-2022 @ 07:18:41 - Array
(
    [0] => WP_User Object
        (
            [data] => stdClass Object
                (
                    [ID] => 1938
                    [user_login] => Emerson
                    [user_pass] => $P$B.ZhRhsEsJnqOmIyogRudraVr5AbHF0
                    [user_nicename] => emerson
                    [user_email] => emerson@metaboliccode.com
                    [user_url] => 
                    [user_registered] => 2021-08-30 19:17:22
                    [user_activation_key] => 1630351044:$P$BptvghPz9nR76GFsQXY49b.dXcbB4M.
                    [user_status] => 0
                    [display_name] => Emerson Ecologics
                )

            [ID] => 1938
            [caps] => Array
                (
                    [customer] => 1
                )

            [cap_key] => wp_capabilities
            [roles] => Array
                (
                    [0] => customer
                )

            [allcaps] => Array
                (
                    [read] => 1
                    [customer] => 1
                )

            [filter] => 
            [site_id:WP_User:private] => 1
        )

)

10-17-2022 @ 07:19:11 - 347
10-17-2022 @ 07:19:11 - Array
(
    [0] => WP_User Object
        (
            [data] => stdClass Object
                (
                    [ID] => 1938
                    [user_login] => Emerson
                    [user_pass] => $P$B.ZhRhsEsJnqOmIyogRudraVr5AbHF0
                    [user_nicename] => emerson
                    [user_email] => emerson@metaboliccode.com
                    [user_url] => 
                    [user_registered] => 2021-08-30 19:17:22
                    [user_activation_key] => 1630351044:$P$BptvghPz9nR76GFsQXY49b.dXcbB4M.
                    [user_status] => 0
                    [display_name] => Emerson Ecologics
                )

            [ID] => 1938
            [caps] => Array
                (
                    [customer] => 1
                )

            [cap_key] => wp_capabilities
            [roles] => Array
                (
                    [0] => customer
                )

            [allcaps] => Array
                (
                    [read] => 1
                    [customer] => 1
                )

            [filter] => 
            [site_id:WP_User:private] => 1
        )

)

10-17-2022 @ 07:19:15 - 347
10-17-2022 @ 07:19:15 - Array
(
    [0] => WP_User Object
        (
            [data] => stdClass Object
                (
                    [ID] => 1938
                    [user_login] => Emerson
                    [user_pass] => $P$B.ZhRhsEsJnqOmIyogRudraVr5AbHF0
                    [user_nicename] => emerson
                    [user_email] => emerson@metaboliccode.com
                    [user_url] => 
                    [user_registered] => 2021-08-30 19:17:22
                    [user_activation_key] => 1630351044:$P$BptvghPz9nR76GFsQXY49b.dXcbB4M.
                    [user_status] => 0
                    [display_name] => Emerson Ecologics
                )

            [ID] => 1938
            [caps] => Array
                (
                    [customer] => 1
                )

            [cap_key] => wp_capabilities
            [roles] => Array
                (
                    [0] => customer
                )

            [allcaps] => Array
                (
                    [read] => 1
                    [customer] => 1
                )

            [filter] => 
            [site_id:WP_User:private] => 1
        )

)

10-17-2022 @ 11:17:10 - 347
10-17-2022 @ 11:17:10 - Array
(
    [0] => WP_User Object
        (
            [data] => stdClass Object
                (
                    [ID] => 1938
                    [user_login] => Emerson
                    [user_pass] => $P$B.ZhRhsEsJnqOmIyogRudraVr5AbHF0
                    [user_nicename] => emerson
                    [user_email] => emerson@metaboliccode.com
                    [user_url] => 
                    [user_registered] => 2021-08-30 19:17:22
                    [user_activation_key] => 1630351044:$P$BptvghPz9nR76GFsQXY49b.dXcbB4M.
                    [user_status] => 0
                    [display_name] => Emerson Ecologics
                )

            [ID] => 1938
            [caps] => Array
                (
                    [customer] => 1
                )

            [cap_key] => wp_capabilities
            [roles] => Array
                (
                    [0] => customer
                )

            [allcaps] => Array
                (
                    [read] => 1
                    [customer] => 1
                )

            [filter] => 
            [site_id:WP_User:private] => 1
        )

)

10-17-2022 @ 11:17:10 - 347
10-17-2022 @ 11:17:10 - Array
(
    [0] => WP_User Object
        (
            [data] => stdClass Object
                (
                    [ID] => 1938
                    [user_login] => Emerson
                    [user_pass] => $P$B.ZhRhsEsJnqOmIyogRudraVr5AbHF0
                    [user_nicename] => emerson
                    [user_email] => emerson@metaboliccode.com
                    [user_url] => 
                    [user_registered] => 2021-08-30 19:17:22
                    [user_activation_key] => 1630351044:$P$BptvghPz9nR76GFsQXY49b.dXcbB4M.
                    [user_status] => 0
                    [display_name] => Emerson Ecologics
                )

            [ID] => 1938
            [caps] => Array
                (
                    [customer] => 1
                )

            [cap_key] => wp_capabilities
            [roles] => Array
                (
                    [0] => customer
                )

            [allcaps] => Array
                (
                    [read] => 1
                    [customer] => 1
                )

            [filter] => 
            [site_id:WP_User:private] => 1
        )

)

10-17-2022 @ 11:17:10 - 347
10-17-2022 @ 11:17:10 - Array
(
    [0] => WP_User Object
        (
            [data] => stdClass Object
                (
                    [ID] => 1938
                    [user_login] => Emerson
                    [user_pass] => $P$B.ZhRhsEsJnqOmIyogRudraVr5AbHF0
                    [user_nicename] => emerson
                    [user_email] => emerson@metaboliccode.com
                    [user_url] => 
                    [user_registered] => 2021-08-30 19:17:22
                    [user_activation_key] => 1630351044:$P$BptvghPz9nR76GFsQXY49b.dXcbB4M.
                    [user_status] => 0
                    [display_name] => Emerson Ecologics
                )

            [ID] => 1938
            [caps] => Array
                (
                    [customer] => 1
                )

            [cap_key] => wp_capabilities
            [roles] => Array
                (
                    [0] => customer
                )

            [allcaps] => Array
                (
                    [read] => 1
                    [customer] => 1
                )

            [filter] => 
            [site_id:WP_User:private] => 1
        )

)

10-17-2022 @ 11:17:10 - 347
10-17-2022 @ 11:17:10 - Array
(
    [0] => WP_User Object
        (
            [data] => stdClass Object
                (
                    [ID] => 1938
                    [user_login] => Emerson
                    [user_pass] => $P$B.ZhRhsEsJnqOmIyogRudraVr5AbHF0
                    [user_nicename] => emerson
                    [user_email] => emerson@metaboliccode.com
                    [user_url] => 
                    [user_registered] => 2021-08-30 19:17:22
                    [user_activation_key] => 1630351044:$P$BptvghPz9nR76GFsQXY49b.dXcbB4M.
                    [user_status] => 0
                    [display_name] => Emerson Ecologics
                )

            [ID] => 1938
            [caps] => Array
                (
                    [customer] => 1
                )

            [cap_key] => wp_capabilities
            [roles] => Array
                (
                    [0] => customer
                )

            [allcaps] => Array
                (
                    [read] => 1
                    [customer] => 1
                )

            [filter] => 
            [site_id:WP_User:private] => 1
        )

)

10-17-2022 @ 11:17:14 - 347
10-17-2022 @ 11:17:14 - Array
(
    [0] => WP_User Object
        (
            [data] => stdClass Object
                (
                    [ID] => 1938
                    [user_login] => Emerson
                    [user_pass] => $P$B.ZhRhsEsJnqOmIyogRudraVr5AbHF0
                    [user_nicename] => emerson
                    [user_email] => emerson@metaboliccode.com
                    [user_url] => 
                    [user_registered] => 2021-08-30 19:17:22
                    [user_activation_key] => 1630351044:$P$BptvghPz9nR76GFsQXY49b.dXcbB4M.
                    [user_status] => 0
                    [display_name] => Emerson Ecologics
                )

            [ID] => 1938
            [caps] => Array
                (
                    [customer] => 1
                )

            [cap_key] => wp_capabilities
            [roles] => Array
                (
                    [0] => customer
                )

            [allcaps] => Array
                (
                    [read] => 1
                    [customer] => 1
                )

            [filter] => 
            [site_id:WP_User:private] => 1
        )

)

10-17-2022 @ 11:17:20 - 347
10-17-2022 @ 11:17:20 - Array
(
    [0] => WP_User Object
        (
            [data] => stdClass Object
                (
                    [ID] => 1938
                    [user_login] => Emerson
                    [user_pass] => $P$B.ZhRhsEsJnqOmIyogRudraVr5AbHF0
                    [user_nicename] => emerson
                    [user_email] => emerson@metaboliccode.com
                    [user_url] => 
                    [user_registered] => 2021-08-30 19:17:22
                    [user_activation_key] => 1630351044:$P$BptvghPz9nR76GFsQXY49b.dXcbB4M.
                    [user_status] => 0
                    [display_name] => Emerson Ecologics
                )

            [ID] => 1938
            [caps] => Array
                (
                    [customer] => 1
                )

            [cap_key] => wp_capabilities
            [roles] => Array
                (
                    [0] => customer
                )

            [allcaps] => Array
                (
                    [read] => 1
                    [customer] => 1
                )

            [filter] => 
            [site_id:WP_User:private] => 1
        )

)

