10-18-2022 @ 14:24:36 - 4.6.0 upgrade complete from Subscriptions v4.5.1 while WooCommerce WC_VERSION 6.9.4 and database version 6.9.4 was active.
10-18-2022 @ 14:24:36 - Environment info:
10-18-2022 @ 14:24:36 -     WordPress Version : 6.0.2
10-18-2022 @ 14:24:36 - Active Plugins:
10-18-2022 @ 14:24:36 -     User Menus by Code Atlantic – 1.3.0
10-18-2022 @ 14:24:36 -     301 Redirects Pro by WebFactory Ltd – 6.03
10-18-2022 @ 14:24:36 -     Elementor Addon Elements by WPVibes – 1.11.16
10-18-2022 @ 14:24:36 -     Admin Custom Login by Weblizar – 3.4.4
10-18-2022 @ 14:24:36 -     Advanced Access Manager by Vasyl Martyniuk <vasyl@vasyltech.com> – 6.9.0
10-18-2022 @ 14:24:36 -     Advanced Custom Fields PRO by Delicious Brains – 5.12.3
10-18-2022 @ 14:24:36 -     Advanced Custom Fields by WP Engine – 6.0.3
10-18-2022 @ 14:24:36 -     AfterShip Tracking - All-In-One WooCommerce Order Tracking (Free plan available) by AfterShip – 1.15.1
10-18-2022 @ 14:24:36 -     BetterDocs by WPDeveloper – 2.1.6
10-18-2022 @ 14:24:36 -     Booster Plus for WooCommerce by Pluggabl LLC – 5.4.8
10-18-2022 @ 14:24:36 -     Cart URL by Level6 – 1.0.0
10-18-2022 @ 14:24:36 -     Classic Editor by WordPress Contributors – 1.6.2
10-18-2022 @ 14:24:36 -     Admin Columns by AdminColumns.com – 4.5.5
10-18-2022 @ 14:24:36 -     Duplicate Page by mndpsingh287 – 4.4.9
10-18-2022 @ 14:24:36 -     Dynamic.ooo - Dynamic Content for Elementor by Dynamic.ooo – 2.7.10
10-18-2022 @ 14:24:36 -     Dynamic Visibility for Elementor by Dynamic.ooo – 5.0.1
10-18-2022 @ 14:24:36 -     DynamicConditions by RTO GmbH – 1.6.0
10-18-2022 @ 14:24:36 -     Ele Custom Skin by Dudaster.com – 3.1.7
10-18-2022 @ 14:24:36 -     Elementor Pro by Elementor.com – 3.7.7
10-18-2022 @ 14:24:36 -     Elementor by Elementor.com – 3.7.8
10-18-2022 @ 14:24:36 -     Elementor Widgets Mega Pack - Addons for Elementor Page Builder WordPress Plugin by AD-Theme – 1.0
10-18-2022 @ 14:24:36 -     Emerson-Integration by Level 6 – 1.0.1
10-18-2022 @ 14:24:36 -     Conversios.io - Google Analytics and Google Shopping plugin for WooCommerce by Conversios – 4.9.4
10-18-2022 @ 14:24:36 -     Essential Addons for Elementor by WPDeveloper – 5.3.2
10-18-2022 @ 14:24:36 -     Filter Everything&nbsp;— WooCoomerce Product & WordPress Filter by Andrii Stepasiuk – 1.7.1
10-18-2022 @ 14:24:36 -     Site Kit by Google by Google – 1.85.0
10-18-2022 @ 14:24:36 -     HT Image Marker for Elementor by codecarnival – 1.0.0
10-18-2022 @ 14:24:36 -     HT QR Code Generator by codecarnival – 2.1.2
10-18-2022 @ 14:24:36 -     HubSpot for WooCommerce by MakeWebBetter – 1.3.3
10-18-2022 @ 14:24:36 -     Indeed Ultimate Affiliate Pro by WPIndeed Development – 6.0
10-18-2022 @ 14:24:36 -     Cookie and Consent Solution for the GDPR & ePrivacy by iubenda – 3.2.5
10-18-2022 @ 14:24:36 -     JetBlocks For Elementor by Crocoblock – 1.3.4
10-18-2022 @ 14:24:36 -     JetBlog For Elementor by Crocoblock – 2.3.1
10-18-2022 @ 14:24:36 -     JetElements For Elementor by Crocoblock – 2.6.7
10-18-2022 @ 14:24:36 -     JetEngine by Crocoblock – 3.0.5
10-18-2022 @ 14:24:36 -     JetMenu by Crocoblock – 2.2.3
10-18-2022 @ 14:24:36 -     JetPopup by Crocoblock – 1.6.0
10-18-2022 @ 14:24:36 -     JetSmartFilters by Crocoblock – 3.0.0
10-18-2022 @ 14:24:36 -     JetTabs For Elementor by Crocoblock – 2.1.19
10-18-2022 @ 14:24:36 -     JetThemeCore by Crocoblock – 2.0.7
10-18-2022 @ 14:24:36 -     JetTricks by Crocoblock – 1.4.2
10-18-2022 @ 14:24:36 -     JetWooBuilder For Elementor by Crocoblock – 2.0.4
10-18-2022 @ 14:24:36 -     Jetpack by Automattic – 11.4
10-18-2022 @ 14:24:36 -     HubSpot All-In-One Marketing - Forms, Popups, Live Chat by HubSpot – 9.0.123
10-18-2022 @ 14:24:36 -     Menu Icons by ThemeIsle – 0.13.0
10-18-2022 @ 14:24:36 -     WooCommerce Sync for QuickBooks Online - by MyWorks Software by MyWorks Software – 2.6.0
10-18-2022 @ 14:24:36 -     Premium Addons for Elementor by Leap13 – 4.9.35
10-18-2022 @ 14:24:36 -     Premium Addons PRO by Leap13 – 2.8.11
10-18-2022 @ 14:24:36 -     Profile Builder Pro by Cozmoslabs – 3.8.1
10-18-2022 @ 14:24:36 -     Profile Builder by Cozmoslabs – 3.8.2
10-18-2022 @ 14:24:36 -     Raven by Artbees – 1.11.0
10-18-2022 @ 14:24:36 -     Recently Registered by Mika Epstein – 3.5
10-18-2022 @ 14:24:36 -     Rank Math SEO by Rank Math – 1.0.99
10-18-2022 @ 14:24:36 -     TaxJar - Sales Tax Automation for WooCommerce by TaxJar – 4.1.5
10-18-2022 @ 14:24:36 -     Themify - WooCommerce Product Filter by Themify – 1.3.9
10-18-2022 @ 14:24:36 -     UpdraftPlus - Backup/Restore by UpdraftPlus.Com, DavidAnderson – 2.22.12.25
10-18-2022 @ 14:24:36 -     User Role Editor by Vladimir Garagulya – 4.63.1
10-18-2022 @ 14:24:36 -     Visibility Logic for Elementor by StaxWP – 2.3.2
10-18-2022 @ 14:24:36 -     Shipping Packages for WooCommerce by OneTeamSoftware – 1.1.27
10-18-2022 @ 14:24:36 -     Woo Discount Rules PRO 2.0 by Flycart – 2.4.5
10-18-2022 @ 14:24:36 -     Woo Discount Rules by Flycart – 2.3.9
10-18-2022 @ 14:24:36 -     NextMove Lite - Thank You Page for WooCommerce by XLPlugins – 2.15.1
10-18-2022 @ 14:24:36 -     WooCommerce Cart Share & Save by WeCreativez – 1.7.7.1
10-18-2022 @ 14:24:36 -     Customizer for WooCommerce by SkyVerge – 2.7.7
10-18-2022 @ 14:24:36 -     WooCommerce Dropshipping by OPMC Australia Pty Ltd – 4.4
10-18-2022 @ 14:24:36 -     WooCommerce Email Customizer Plus by Flycart – 1.2.3
10-18-2022 @ 14:24:36 -     WooCommerce Stripe Gateway by WooCommerce – 6.8.0
10-18-2022 @ 14:24:36 -     Booster for WooCommerce by Pluggabl LLC – 5.6.6
10-18-2022 @ 14:24:36 -     PDF Invoices & Packing Slips for WooCommerce by WP Overnight – 3.2.1
10-18-2022 @ 14:24:36 -     WooCommerce Sequential Order Numbers Pro by SkyVerge – 1.18.1
10-18-2022 @ 14:24:36 -     WooCommerce Shipping & Tax by WooCommerce – 1.26.3
10-18-2022 @ 14:24:36 -     WooCommerce Subscriptions by WooCommerce – 4.6.0
10-18-2022 @ 14:24:36 -     WooCommerce Table Rate Shipping by WooCommerce – 3.0.41
10-18-2022 @ 14:24:36 -     WooCommerce URL Coupons by SkyVerge – 2.13.1
10-18-2022 @ 14:24:36 -     WooCommerce Zapier by OM4 Software – 2.3.1
10-18-2022 @ 14:24:36 -     WooCommerce by Automattic – 6.9.4
10-18-2022 @ 14:24:36 -     CoDesigner by Codexpert – 3.7
10-18-2022 @ 14:24:36 -     WordPress Importer by wordpressdotorg – 0.8
10-18-2022 @ 14:24:36 -     WP Admin UI Customize by gqevu6bsiz – 1.5.12
10-18-2022 @ 14:24:36 -     WP Fusion by Very Good Plugins – 3.40.34
10-18-2022 @ 14:24:36 -     WP Mail SMTP by WPForms – 3.6.1
10-18-2022 @ 14:24:36 -     WP Media folder by Joomunited – 5.4.8
10-18-2022 @ 14:24:36 -     WP-Sweep by Lester 'GaMerZ' Chan – 1.1.5
10-18-2022 @ 14:24:36 -     WP Zapier Integration by Yoohoo Plugins – 2.3
10-18-2022 @ 14:24:36 -     WPKit For Elementor by ThemeVan – 1.0.9
10-18-2022 @ 14:24:36 -     Custom Product Tabs for WooCommerce by YIKES, Inc. – 1.8.1
