2022-10-24T14:37:15+00:00 DEBUG 
====Stripe Version: 6.9.0====
====Start Log====
payment_intents/pi_3Kdgu4KfkWAXhDcH1sT5tFSg?expand[]=payment_method request: Array
(
)

====End Log====


2022-10-24T14:37:22+00:00 DEBUG 
====Stripe Version: 6.9.0====
====Start Log====
payment_intents/pi_3Kdgu4KfkWAXhDcH1sT5tFSg?expand[]=payment_method request: Array
(
)

====End Log====


2022-10-24T18:07:23+00:00 DEBUG 
====Stripe Version: 6.9.0====
====Start Log====
customers/cus_LHjglj8nKOvwia/sources request: Array
(
    [limit] => 100
)

====End Log====


2022-10-24T18:08:41+00:00 DEBUG 
====Stripe Version: 6.9.0====
====Start Log====
customers/cus_LHjglj8nKOvwia request: Array
(
    [email] => terri.deneui@evexiasmedical.com
    [description] => Name: DeNeui Terri, Username: terri.deneui@evexiasmedical.com
    [name] => DeNeui Terri
    [metadata] => Array
        (
        )

    [preferred_locales] => Array
        (
            [0] => en-US
        )

)

====End Log====


2022-10-24T18:08:42+00:00 DEBUG 
====Stripe Version: 6.9.0====
====Start Log====
sources/src_1KdgtvKfkWAXhDcHEd8E9hoT
====End Log====


2022-10-24T18:08:42+00:00 DEBUG 
====Stripe Version: 6.9.0====
====Start Log====
Info: Begin processing payment for order 5605 for the amount of 958.69
====End Log====


2022-10-24T18:08:42+00:00 DEBUG 
====Stripe Version: 6.9.0====
====Start Log====
payment_intents request: Array
(
    [source] => src_1KdgtvKfkWAXhDcHEd8E9hoT
    [amount] => 95869
    [currency] => usd
    [description] => Metabolic Code - Order 771
    [metadata] => Array
        (
            [customer_name] => DeNeui Terri
            [customer_email] => terri.deneui@evexiasmedical.com
            [order_id] => 771
            [site_url] => https://www.metaboliccode.com
        )

    [capture_method] => automatic
    [payment_method_types] => Array
        (
            [0] => card
        )

    [customer] => cus_LHjglj8nKOvwia
    [shipping] => Array
        (
            [name] => DeNeui Terri
            [address] => Array
                (
                    [line1] => 920 S Kimball Ave Ste 140
                    [line2] => 
                    [city] => Southlake
                    [country] => US
                    [postal_code] => 76092
                    [state] => TX
                )

        )

)

====End Log====


2022-10-24T18:08:42+00:00 DEBUG 
====Stripe Version: 6.9.0====
====Start Log====
Stripe PaymentIntent pi_3LwV4oKfkWAXhDcH1EGUsBPq initiated for order 5605
====End Log====


2022-10-24T18:08:42+00:00 DEBUG 
====Stripe Version: 6.9.0====
====Start Log====
payment_intents/pi_3LwV4oKfkWAXhDcH1EGUsBPq/confirm request: Array
(
    [source] => src_1KdgtvKfkWAXhDcHEd8E9hoT
    [level3] => Array
        (
            [merchant_reference] => 5605
            [shipping_amount] => 875
            [line_items] => Array
                (
                    [0] => stdClass Object
                        (
                            [product_code] => 2016
                            [product_description] => Deep Blue Sleep
                            [unit_cost] => 2536
                            [quantity] => 8
                            [tax_amount] => 0
                            [discount_amount] => 0
                        )

                    [1] => stdClass Object
                        (
                            [product_code] => 3369
                            [product_description] => QuiCalm
                            [unit_cost] => 3401
                            [quantity] => 10
                            [tax_amount] => 0
                            [discount_amount] => 0
                        )

                    [2] => stdClass Object
                        (
                            [product_code] => 2527
                            [product_description] => Adrenal Complex
                            [unit_cost] => 2200
                            [quantity] => 8
                            [tax_amount] => 0
                            [discount_amount] => 0
                        )

                    [3] => stdClass Object
                        (
                            [product_code] => 2530
                            [product_description] => Adrenal Cortex Extract
                            [unit_cost] => 2250
                            [quantity] => 6
                            [tax_amount] => 0
                            [discount_amount] => 0
                        )

                    [4] => stdClass Object
                        (
                            [product_code] => 3416
                            [product_description] => Clarify 4.0
                            [unit_cost] => 2399
                            [quantity] => 4
                            [tax_amount] => 0
                            [discount_amount] => 0
                        )

                )

            [shipping_address_zip] => 76092
            [shipping_from_zip] => 45202
        )

)

====End Log====


2022-10-24T18:08:45+00:00 DEBUG 
====Stripe Version: 6.9.0====
====Start Log====
Stripe PaymentIntent pi_3LwV4oKfkWAXhDcH1EGUsBPq succeeded for order 5605
====End Log====


2022-10-24T18:08:45+00:00 DEBUG 
====Stripe Version: 6.9.0====
====Start Log====
Processing response: stdClass Object
(
    [id] => ch_3LwV4oKfkWAXhDcH1OQSVHUZ
    [object] => charge
    [amount] => 95869
    [amount_captured] => 95869
    [amount_refunded] => 0
    [application] => ca_BC3QvYOCCxiOW3Klo6zL8KlBgSHzwTKn
    [application_fee] => 
    [application_fee_amount] => 
    [balance_transaction] => txn_3LwV4oKfkWAXhDcH1Lr4ofor
    [billing_details] => stdClass Object
        (
            [address] => stdClass Object
                (
                    [city] => Southlake
                    [country] => US
                    [line1] => 920 S Kimball Ave Ste 140
                    [line2] => 
                    [postal_code] => 76092
                    [state] => TX
                )

            [email] => terri.deneui@evexiasmedical.com
            [name] => DeNeui Terri
            [phone] => 817-328-8376
        )

    [calculated_statement_descriptor] => METABOLIC CODE
    [captured] => 1
    [created] => 1666634923
    [currency] => usd
    [customer] => cus_LHjglj8nKOvwia
    [description] => Metabolic Code - Order 771
    [destination] => 
    [dispute] => 
    [disputed] => 
    [failure_balance_transaction] => 
    [failure_code] => 
    [failure_message] => 
    [fraud_details] => stdClass Object
        (
        )

    [invoice] => 
    [level3] => stdClass Object
        (
            [line_items] => Array
                (
                    [0] => stdClass Object
                        (
                            [discount_amount] => 0
                            [product_code] => 2016
                            [product_description] => Deep Blue Sleep
                            [quantity] => 8
                            [tax_amount] => 0
                            [unit_cost] => 2536
                        )

                    [1] => stdClass Object
                        (
                            [discount_amount] => 0
                            [product_code] => 3369
                            [product_description] => QuiCalm
                            [quantity] => 10
                            [tax_amount] => 0
                            [unit_cost] => 3401
                        )

                    [2] => stdClass Object
                        (
                            [discount_amount] => 0
                            [product_code] => 2527
                            [product_description] => Adrenal Complex
                            [quantity] => 8
                            [tax_amount] => 0
                            [unit_cost] => 2200
                        )

                    [3] => stdClass Object
                        (
                            [discount_amount] => 0
                            [product_code] => 2530
                            [product_description] => Adrenal Cortex Extract
                            [quantity] => 6
                            [tax_amount] => 0
                            [unit_cost] => 2250
                        )

                    [4] => stdClass Object
                        (
                            [discount_amount] => 0
                            [product_code] => 3416
                            [product_description] => Clarify 4.0
                            [quantity] => 4
                            [tax_amount] => 0
                            [unit_cost] => 2399
                        )

                )

            [merchant_reference] => 5605
            [shipping_address_zip] => 76092
            [shipping_amount] => 875
            [shipping_from_zip] => 45202
        )

    [livemode] => 1
    [metadata] => stdClass Object
        (
            [customer_email] => terri.deneui@evexiasmedical.com
            [customer_name] => DeNeui Terri
            [order_id] => 771
            [site_url] => https://www.metaboliccode.com
        )

    [on_behalf_of] => 
    [order] => 
    [outcome] => stdClass Object
        (
            [network_status] => approved_by_network
            [reason] => 
            [risk_level] => normal
            [seller_message] => Payment complete.
            [type] => authorized
        )

    [paid] => 1
    [payment_intent] => pi_3LwV4oKfkWAXhDcH1EGUsBPq
    [payment_method] => src_1KdgtvKfkWAXhDcHEd8E9hoT
    [payment_method_details] => stdClass Object
        (
            [card] => stdClass Object
                (
                    [brand] => amex
                    [checks] => stdClass Object
                        (
                            [address_line1_check] => pass
                            [address_postal_code_check] => pass
                            [cvc_check] => 
                        )

                    [country] => US
                    [exp_month] => 9
                    [exp_year] => 2022
                    [fingerprint] => s5L5EYkGW2ECbyUf
                    [funding] => credit
                    [installments] => 
                    [last4] => 2008
                    [mandate] => 
                    [network] => amex
                    [three_d_secure] => 
                    [wallet] => 
                )

            [type] => card
        )

    [receipt_email] => terri.deneui@evexiasmedical.com
    [receipt_number] => 1566-5453
    [receipt_url] => https://pay.stripe.com/receipts/payment/CAcQARoXChVhY2N0XzFGbm53eEtma1dBWGhEY0goranbmgYyBkx50ZXhuzosFnsY29PgfpllJf-RWh_wNsXSxFVINDhTgj-IL1h11YC70LwchjZxR2SAdJ8
    [refunded] => 
    [refunds] => stdClass Object
        (
            [object] => list
            [data] => Array
                (
                )

            [has_more] => 
            [total_count] => 0
            [url] => /v1/charges/ch_3LwV4oKfkWAXhDcH1OQSVHUZ/refunds
        )

    [review] => 
    [shipping] => stdClass Object
        (
            [address] => stdClass Object
                (
                    [city] => Southlake
                    [country] => US
                    [line1] => 920 S Kimball Ave Ste 140
                    [line2] => 
                    [postal_code] => 76092
                    [state] => TX
                )

            [carrier] => 
            [name] => DeNeui Terri
            [phone] => 
            [tracking_number] => 
        )

    [source] => stdClass Object
        (
            [id] => src_1KdgtvKfkWAXhDcHEd8E9hoT
            [object] => source
            [amount] => 
            [card] => stdClass Object
                (
                    [address_line1_check] => pass
                    [address_zip_check] => pass
                    [brand] => American Express
                    [country] => US
                    [cvc_check] => 
                    [dynamic_last4] => 
                    [exp_month] => 9
                    [exp_year] => 2022
                    [fingerprint] => s5L5EYkGW2ECbyUf
                    [funding] => credit
                    [last4] => 2008
                    [name] => 
                    [three_d_secure] => optional
                    [tokenization_method] => 
                )

            [client_secret] => src_client_secret_rMraw6yZZa1Mww3Xkdzal8En
            [created] => 1666634924
            [currency] => 
            [customer] => cus_LHjglj8nKOvwia
            [flow] => none
            [livemode] => 1
            [metadata] => stdClass Object
                (
                )

            [owner] => stdClass Object
                (
                    [address] => stdClass Object
                        (
                            [city] => Southlake
                            [country] => US
                            [line1] => 920 S Kimball Ave Ste 140
                            [line2] => 
                            [postal_code] => 76092
                            [state] => TX
                        )

                    [email] => terri.deneui@evexiasmedical.com
                    [name] => DeNeui Terri
                    [phone] => 817-328-8376
                    [verified_address] => 
                    [verified_email] => 
                    [verified_name] => 
                    [verified_phone] => 
                )

            [statement_descriptor] => 
            [status] => chargeable
            [type] => card
            [usage] => reusable
        )

    [source_transfer] => 
    [statement_descriptor] => 
    [statement_descriptor_suffix] => 
    [status] => succeeded
    [transfer_data] => 
    [transfer_group] => 
)

====End Log====


2022-10-24T18:08:45+00:00 DEBUG 
====Stripe Version: 6.9.0====
====Start Log====
balance/history/txn_3LwV4oKfkWAXhDcH1Lr4ofor
====End Log====


2022-10-24T20:17:58+00:00 DEBUG 
====Stripe Version: 6.9.0====
====Start Log====
Could not find order via charge ID: ch_3LwX5qKfkWAXhDcH1oLi8n3N
====End Log====


2022-10-24T22:18:28+00:00 DEBUG 
====Stripe Version: 6.9.0====
====Start Log====
Could not find order via charge ID: ch_3LwYySKfkWAXhDcH1axwhLpx
====End Log====


