2022-11-09T01:59:24+00:00 DEBUG 
====Stripe Version: 6.9.0====
====Start Log====
Could not find order via charge ID: ch_3M23ZSKfkWAXhDcH1Tx3WUGb
====End Log====


2022-11-09T20:27:07+00:00 DEBUG 
====Stripe Version: 6.9.0====
====Start Log====
payment_intents/pi_3M1bD7KfkWAXhDcH1mHgU7qP?expand[]=payment_method request: Array
(
)

====End Log====


2022-11-09T20:27:14+00:00 DEBUG 
====Stripe Version: 6.9.0====
====Start Log====
payment_intents/pi_3M1bD7KfkWAXhDcH1mHgU7qP?expand[]=payment_method request: Array
(
)

====End Log====


2022-11-09T21:23:06+00:00 DEBUG 
====Stripe Version: 6.9.0====
====Start Log====
customers/cus_L5g3JTqZyIWZM3/sources request: Array
(
    [limit] => 100
)

====End Log====


2022-11-09T21:23:46+00:00 DEBUG 
====Stripe Version: 6.9.0====
====Start Log====
customers/cus_L5g3JTqZyIWZM3 request: Array
(
    [email] => manager@ohhmd.com
    [description] => Name: Douglas Lucas, Username: Douglas.Lucas
    [name] => Douglas Lucas
    [metadata] => Array
        (
        )

    [preferred_locales] => Array
        (
            [0] => en-US
        )

)

====End Log====


2022-11-09T21:23:46+00:00 DEBUG 
====Stripe Version: 6.9.0====
====Start Log====
sources/src_1Kj0fTKfkWAXhDcHwE7bfLTF
====End Log====


2022-11-09T21:23:47+00:00 DEBUG 
====Stripe Version: 6.9.0====
====Start Log====
Info: Begin processing payment for order 5630 for the amount of 60.09
====End Log====


2022-11-09T21:23:47+00:00 DEBUG 
====Stripe Version: 6.9.0====
====Start Log====
payment_intents request: Array
(
    [source] => src_1Kj0fTKfkWAXhDcHwE7bfLTF
    [amount] => 6009
    [currency] => usd
    [description] => Metabolic Code - Order 791
    [metadata] => Array
        (
            [customer_name] => Douglas Lucas
            [customer_email] => manager@ohhmd.com
            [order_id] => 791
            [site_url] => https://www.metaboliccode.com
        )

    [capture_method] => automatic
    [payment_method_types] => Array
        (
            [0] => card
        )

    [customer] => cus_L5g3JTqZyIWZM3
    [shipping] => Array
        (
            [name] => Greg Berlet
            [address] => Array
                (
                    [line1] => 5297 Hoover Gate Ln
                    [line2] => 
                    [city] => Westerville
                    [country] => US
                    [postal_code] => 43082
                    [state] => OH
                )

        )

)

====End Log====


2022-11-09T21:23:47+00:00 DEBUG 
====Stripe Version: 6.9.0====
====Start Log====
Stripe PaymentIntent pi_3M2LkNKfkWAXhDcH1REYrMFS initiated for order 5630
====End Log====


2022-11-09T21:23:47+00:00 DEBUG 
====Stripe Version: 6.9.0====
====Start Log====
payment_intents/pi_3M2LkNKfkWAXhDcH1REYrMFS/confirm request: Array
(
    [source] => src_1Kj0fTKfkWAXhDcHwE7bfLTF
    [level3] => Array
        (
            [merchant_reference] => 5630
            [shipping_amount] => 496
            [line_items] => Array
                (
                    [0] => stdClass Object
                        (
                            [product_code] => 2559
                            [product_description] => Mitochondrial & Energy Ass
                            [unit_cost] => 2557
                            [quantity] => 2
                            [tax_amount] => 399
                            [discount_amount] => 0
                        )

                )

            [shipping_address_zip] => 43082
            [shipping_from_zip] => 45202
        )

)

====End Log====


2022-11-09T21:23:50+00:00 DEBUG 
====Stripe Version: 6.9.0====
====Start Log====
Stripe PaymentIntent pi_3M2LkNKfkWAXhDcH1REYrMFS succeeded for order 5630
====End Log====


2022-11-09T21:23:50+00:00 DEBUG 
====Stripe Version: 6.9.0====
====Start Log====
Processing response: stdClass Object
(
    [id] => ch_3M2LkNKfkWAXhDcH1xMCHHSA
    [object] => charge
    [amount] => 6009
    [amount_captured] => 6009
    [amount_refunded] => 0
    [application] => ca_BC3QvYOCCxiOW3Klo6zL8KlBgSHzwTKn
    [application_fee] => 
    [application_fee_amount] => 
    [balance_transaction] => txn_3M2LkNKfkWAXhDcH1dJCZqxI
    [billing_details] => stdClass Object
        (
            [address] => stdClass Object
                (
                    [city] => Asheville
                    [country] => US
                    [line1] => 15 Yorkshire Street #202
                    [line2] => 
                    [postal_code] => 28803
                    [state] => NC
                )

            [email] => douglucas@ohhmd.com
            [name] => Douglas Lucas
            [phone] => 828-552-5515
        )

    [calculated_statement_descriptor] => METABOLIC CODE
    [captured] => 1
    [created] => 1668029028
    [currency] => usd
    [customer] => cus_L5g3JTqZyIWZM3
    [description] => Metabolic Code - Order 791
    [destination] => 
    [dispute] => 
    [disputed] => 
    [failure_balance_transaction] => 
    [failure_code] => 
    [failure_message] => 
    [fraud_details] => stdClass Object
        (
        )

    [invoice] => 
    [level3] => stdClass Object
        (
            [line_items] => Array
                (
                    [0] => stdClass Object
                        (
                            [discount_amount] => 0
                            [product_code] => 2559
                            [product_description] => Mitochondrial & Energy Ass
                            [quantity] => 2
                            [tax_amount] => 399
                            [unit_cost] => 2557
                        )

                )

            [merchant_reference] => 5630
            [shipping_address_zip] => 43082
            [shipping_amount] => 496
            [shipping_from_zip] => 45202
        )

    [livemode] => 1
    [metadata] => stdClass Object
        (
            [customer_email] => manager@ohhmd.com
            [customer_name] => Douglas Lucas
            [order_id] => 791
            [site_url] => https://www.metaboliccode.com
        )

    [on_behalf_of] => 
    [order] => 
    [outcome] => stdClass Object
        (
            [network_status] => approved_by_network
            [reason] => 
            [risk_level] => normal
            [seller_message] => Payment complete.
            [type] => authorized
        )

    [paid] => 1
    [payment_intent] => pi_3M2LkNKfkWAXhDcH1REYrMFS
    [payment_method] => src_1Kj0fTKfkWAXhDcHwE7bfLTF
    [payment_method_details] => stdClass Object
        (
            [card] => stdClass Object
                (
                    [brand] => amex
                    [checks] => stdClass Object
                        (
                            [address_line1_check] => pass
                            [address_postal_code_check] => pass
                            [cvc_check] => 
                        )

                    [country] => US
                    [exp_month] => 9
                    [exp_year] => 2026
                    [fingerprint] => bSkV15Zr7Rl22MhI
                    [funding] => credit
                    [installments] => 
                    [last4] => 1010
                    [mandate] => 
                    [network] => amex
                    [three_d_secure] => 
                    [wallet] => 
                )

            [type] => card
        )

    [receipt_email] => manager@ohhmd.com
    [receipt_number] => 1927-1263
    [receipt_url] => https://pay.stripe.com/receipts/payment/CAcQARoXChVhY2N0XzFGbm53eEtma1dBWGhEY0go5rSwmwYyBroit-6nXTosFiI_Q0V64j0C8LPtlPqknurDQQk7KRuuAqJkpvXWHH5sAsfJ9-YQuE4OwrQ
    [refunded] => 
    [refunds] => stdClass Object
        (
            [object] => list
            [data] => Array
                (
                )

            [has_more] => 
            [total_count] => 0
            [url] => /v1/charges/ch_3M2LkNKfkWAXhDcH1xMCHHSA/refunds
        )

    [review] => 
    [shipping] => stdClass Object
        (
            [address] => stdClass Object
                (
                    [city] => Westerville
                    [country] => US
                    [line1] => 5297 Hoover Gate Ln
                    [line2] => 
                    [postal_code] => 43082
                    [state] => OH
                )

            [carrier] => 
            [name] => Greg Berlet
            [phone] => 
            [tracking_number] => 
        )

    [source] => stdClass Object
        (
            [id] => src_1Kj0fTKfkWAXhDcHwE7bfLTF
            [object] => source
            [amount] => 
            [card] => stdClass Object
                (
                    [address_line1_check] => pass
                    [address_zip_check] => pass
                    [brand] => American Express
                    [country] => US
                    [cvc_check] => 
                    [dynamic_last4] => 
                    [exp_month] => 9
                    [exp_year] => 2026
                    [fingerprint] => bSkV15Zr7Rl22MhI
                    [funding] => credit
                    [last4] => 1010
                    [name] => 
                    [three_d_secure] => optional
                    [tokenization_method] => 
                )

            [client_secret] => src_client_secret_HiFyQbOFTKjuQcew9EZNr1Fi
            [created] => 1668029029
            [currency] => 
            [customer] => cus_L5g3JTqZyIWZM3
            [flow] => none
            [livemode] => 1
            [metadata] => stdClass Object
                (
                )

            [owner] => stdClass Object
                (
                    [address] => stdClass Object
                        (
                            [city] => Asheville
                            [country] => US
                            [line1] => 15 Yorkshire Street #202
                            [line2] => 
                            [postal_code] => 28803
                            [state] => NC
                        )

                    [email] => douglucas@ohhmd.com
                    [name] => Douglas Lucas
                    [phone] => 828-552-5515
                    [verified_address] => 
                    [verified_email] => 
                    [verified_name] => 
                    [verified_phone] => 
                )

            [statement_descriptor] => 
            [status] => chargeable
            [type] => card
            [usage] => reusable
        )

    [source_transfer] => 
    [statement_descriptor] => 
    [statement_descriptor_suffix] => 
    [status] => succeeded
    [transfer_data] => 
    [transfer_group] => 
)

====End Log====


2022-11-09T21:23:50+00:00 DEBUG 
====Stripe Version: 6.9.0====
====Start Log====
balance/history/txn_3M2LkNKfkWAXhDcH1dJCZqxI
====End Log====


