2022-11-07T18:05:48+00:00 DEBUG 
====Stripe Version: 6.9.0====
====Start Log====
Could not find order via charge ID: ch_3M1ZhZKfkWAXhDcH1qzMI4EL
====End Log====


2022-11-07T19:35:45+00:00 DEBUG 
====Stripe Version: 6.9.0====
====Start Log====
payment_intents/pi_3LphKlKfkWAXhDcH1IqhE64m?expand[]=payment_method request: Array
(
)

====End Log====


2022-11-07T19:35:49+00:00 DEBUG 
====Stripe Version: 6.9.0====
====Start Log====
payment_intents/pi_3LphKlKfkWAXhDcH1IqhE64m?expand[]=payment_method request: Array
(
)

====End Log====


2022-11-07T19:35:56+00:00 DEBUG 
====Stripe Version: 6.9.0====
====Start Log====
payment_intents/pi_3LphKlKfkWAXhDcH1IqhE64m?expand[]=payment_method request: Array
(
)

====End Log====


2022-11-07T19:41:41+00:00 DEBUG 
====Stripe Version: 6.9.0====
====Start Log====
customers/cus_MYoyNvWpOxfqnS/sources request: Array
(
    [limit] => 100
)

====End Log====


2022-11-07T19:42:20+00:00 DEBUG 
====Stripe Version: 6.9.0====
====Start Log====
customers/cus_MYoyNvWpOxfqnS request: Array
(
    [email] => judy@nutritionwithjudy.com
    [description] => Name: Judy Cho, Username: judy@nutritionwithjudy.com
    [name] => Judy Cho
    [metadata] => Array
        (
        )

    [preferred_locales] => Array
        (
            [0] => en-US
        )

)

====End Log====


2022-11-07T19:42:21+00:00 DEBUG 
====Stripe Version: 6.9.0====
====Start Log====
sources/src_1LphKYKfkWAXhDcH6GZ4lDVS
====End Log====


2022-11-07T19:42:21+00:00 DEBUG 
====Stripe Version: 6.9.0====
====Start Log====
Info: Begin processing payment for order 5628 for the amount of 94.23
====End Log====


2022-11-07T19:42:21+00:00 DEBUG 
====Stripe Version: 6.9.0====
====Start Log====
payment_intents request: Array
(
    [source] => src_1LphKYKfkWAXhDcH6GZ4lDVS
    [amount] => 9423
    [currency] => usd
    [description] => Metabolic Code - Order 789
    [metadata] => Array
        (
            [customer_name] => Judy Cho
            [customer_email] => judy@nutritionwithjudy.com
            [order_id] => 789
            [site_url] => https://www.metaboliccode.com
        )

    [capture_method] => automatic
    [payment_method_types] => Array
        (
            [0] => card
        )

    [customer] => cus_MYoyNvWpOxfqnS
    [shipping] => Array
        (
            [name] => Caleb Cho
            [address] => Array
                (
                    [line1] => 12908 Partridge Bend Drive
                    [line2] => 
                    [city] => Austin
                    [country] => US
                    [postal_code] => 78729
                    [state] => TX
                )

        )

)

====End Log====


2022-11-07T19:42:22+00:00 DEBUG 
====Stripe Version: 6.9.0====
====Start Log====
Stripe PaymentIntent pi_3M1bD7KfkWAXhDcH1mHgU7qP initiated for order 5628
====End Log====


2022-11-07T19:42:22+00:00 DEBUG 
====Stripe Version: 6.9.0====
====Start Log====
payment_intents/pi_3M1bD7KfkWAXhDcH1mHgU7qP/confirm request: Array
(
    [source] => src_1LphKYKfkWAXhDcH6GZ4lDVS
    [level3] => Array
        (
            [merchant_reference] => 5628
            [shipping_amount] => 999
            [line_items] => Array
                (
                    [0] => stdClass Object
                        (
                            [product_code] => 2632
                            [product_description] => MycoBind
                            [unit_cost] => 2808
                            [quantity] => 3
                            [tax_amount] => 0
                            [discount_amount] => 0
                        )

                )

            [shipping_address_zip] => 78729
            [shipping_from_zip] => 45202
        )

)

====End Log====


2022-11-07T19:42:24+00:00 DEBUG 
====Stripe Version: 6.9.0====
====Start Log====
Stripe PaymentIntent pi_3M1bD7KfkWAXhDcH1mHgU7qP succeeded for order 5628
====End Log====


2022-11-07T19:42:24+00:00 DEBUG 
====Stripe Version: 6.9.0====
====Start Log====
Processing response: stdClass Object
(
    [id] => ch_3M1bD7KfkWAXhDcH1qnelos3
    [object] => charge
    [amount] => 9423
    [amount_captured] => 9423
    [amount_refunded] => 0
    [application] => ca_BC3QvYOCCxiOW3Klo6zL8KlBgSHzwTKn
    [application_fee] => 
    [application_fee_amount] => 
    [balance_transaction] => txn_3M1bD7KfkWAXhDcH1oPBIEJY
    [billing_details] => stdClass Object
        (
            [address] => stdClass Object
                (
                    [city] => Austin
                    [country] => US
                    [line1] => 11900 Jollyville Road
                    [line2] => Unit 200782
                    [postal_code] => 78729
                    [state] => TX
                )

            [email] => judy@nutritionwithjudy.com
            [name] => Judy Cho
            [phone] => 5125222136
        )

    [calculated_statement_descriptor] => METABOLIC CODE
    [captured] => 1
    [created] => 1667850142
    [currency] => usd
    [customer] => cus_MYoyNvWpOxfqnS
    [description] => Metabolic Code - Order 789
    [destination] => 
    [dispute] => 
    [disputed] => 
    [failure_balance_transaction] => 
    [failure_code] => 
    [failure_message] => 
    [fraud_details] => stdClass Object
        (
        )

    [invoice] => 
    [level3] => stdClass Object
        (
            [line_items] => Array
                (
                    [0] => stdClass Object
                        (
                            [discount_amount] => 0
                            [product_code] => 2632
                            [product_description] => MycoBind
                            [quantity] => 3
                            [tax_amount] => 0
                            [unit_cost] => 2808
                        )

                )

            [merchant_reference] => 5628
            [shipping_address_zip] => 78729
            [shipping_amount] => 999
            [shipping_from_zip] => 45202
        )

    [livemode] => 1
    [metadata] => stdClass Object
        (
            [customer_email] => judy@nutritionwithjudy.com
            [customer_name] => Judy Cho
            [order_id] => 789
            [site_url] => https://www.metaboliccode.com
        )

    [on_behalf_of] => 
    [order] => 
    [outcome] => stdClass Object
        (
            [network_status] => approved_by_network
            [reason] => 
            [risk_level] => normal
            [seller_message] => Payment complete.
            [type] => authorized
        )

    [paid] => 1
    [payment_intent] => pi_3M1bD7KfkWAXhDcH1mHgU7qP
    [payment_method] => src_1LphKYKfkWAXhDcH6GZ4lDVS
    [payment_method_details] => stdClass Object
        (
            [card] => stdClass Object
                (
                    [brand] => visa
                    [checks] => stdClass Object
                        (
                            [address_line1_check] => fail
                            [address_postal_code_check] => pass
                            [cvc_check] => 
                        )

                    [country] => US
                    [exp_month] => 5
                    [exp_year] => 2026
                    [fingerprint] => Uwn78WLh9QzVwivY
                    [funding] => credit
                    [installments] => 
                    [last4] => 1583
                    [mandate] => 
                    [network] => visa
                    [three_d_secure] => 
                    [wallet] => 
                )

            [type] => card
        )

    [receipt_email] => judy@nutritionwithjudy.com
    [receipt_number] => 1403-7194
    [receipt_url] => https://pay.stripe.com/receipts/payment/CAcQARoXChVhY2N0XzFGbm53eEtma1dBWGhEY0gooL-lmwYyBndVD9rIMDosFoz4zkosEmwCWAcByPHfJqcM2RTOkZqkMmem0E3oIQqyv_a-FVFgLXArTN0
    [refunded] => 
    [refunds] => stdClass Object
        (
            [object] => list
            [data] => Array
                (
                )

            [has_more] => 
            [total_count] => 0
            [url] => /v1/charges/ch_3M1bD7KfkWAXhDcH1qnelos3/refunds
        )

    [review] => 
    [shipping] => stdClass Object
        (
            [address] => stdClass Object
                (
                    [city] => Austin
                    [country] => US
                    [line1] => 12908 Partridge Bend Drive
                    [line2] => 
                    [postal_code] => 78729
                    [state] => TX
                )

            [carrier] => 
            [name] => Caleb Cho
            [phone] => 
            [tracking_number] => 
        )

    [source] => stdClass Object
        (
            [id] => src_1LphKYKfkWAXhDcH6GZ4lDVS
            [object] => source
            [amount] => 
            [card] => stdClass Object
                (
                    [address_line1_check] => fail
                    [address_zip_check] => pass
                    [brand] => Visa
                    [country] => US
                    [cvc_check] => 
                    [dynamic_last4] => 
                    [exp_month] => 5
                    [exp_year] => 2026
                    [fingerprint] => Uwn78WLh9QzVwivY
                    [funding] => credit
                    [last4] => 1583
                    [name] => 
                    [three_d_secure] => optional
                    [tokenization_method] => 
                )

            [client_secret] => src_client_secret_rTGuMBtMrQqxhYdfXNQtS33p
            [created] => 1667850143
            [currency] => 
            [customer] => cus_MYoyNvWpOxfqnS
            [flow] => none
            [livemode] => 1
            [metadata] => stdClass Object
                (
                )

            [owner] => stdClass Object
                (
                    [address] => stdClass Object
                        (
                            [city] => Austin
                            [country] => US
                            [line1] => 11900 Jollyville Road
                            [line2] => Unit 200782
                            [postal_code] => 78729
                            [state] => TX
                        )

                    [email] => judy@nutritionwithjudy.com
                    [name] => Judy Cho
                    [phone] => 5125222136
                    [verified_address] => 
                    [verified_email] => 
                    [verified_name] => 
                    [verified_phone] => 
                )

            [statement_descriptor] => 
            [status] => chargeable
            [type] => card
            [usage] => reusable
        )

    [source_transfer] => 
    [statement_descriptor] => 
    [statement_descriptor_suffix] => 
    [status] => succeeded
    [transfer_data] => 
    [transfer_group] => 
)

====End Log====


2022-11-07T19:42:24+00:00 DEBUG 
====Stripe Version: 6.9.0====
====Start Log====
balance/history/txn_3M1bD7KfkWAXhDcH1oPBIEJY
====End Log====


