2022-11-05T05:01:43+00:00 DEBUG 
====Stripe Version: 6.9.0====
====Start Log====
Could not find order via charge ID: ch_3M0eViKfkWAXhDcH0bEYaxz8
====End Log====


2022-11-05T14:42:04+00:00 DEBUG 
====Stripe Version: 6.9.0====
====Start Log====
Could not find order via charge ID: ch_3M0nZNKfkWAXhDcH1FkPsNrn
====End Log====


2022-11-05T15:47:34+00:00 DEBUG 
====Stripe Version: 6.9.0====
====Start Log====
Could not find order via charge ID: ch_3M0oakKfkWAXhDcH0zl6d9lZ
====End Log====


2022-11-05T15:51:03+00:00 DEBUG 
====Stripe Version: 6.9.0====
====Start Log====
Could not find order via charge ID: ch_3M0oe7KfkWAXhDcH0pvPNl7P
====End Log====


2022-11-05T19:48:50+00:00 DEBUG 
====Stripe Version: 6.9.0====
====Start Log====
Could not find order via charge ID: ch_3M0sMDKfkWAXhDcH10qT31ly
====End Log====


2022-11-05T22:14:39+00:00 DEBUG 
====Stripe Version: 6.9.0====
====Start Log====
Could not find order via charge ID: ch_3M0udKKfkWAXhDcH1AywONgb
====End Log====


2022-11-05T22:19:14+00:00 DEBUG 
====Stripe Version: 6.9.0====
====Start Log====
Could not find order via charge ID: ch_3M0uhmKfkWAXhDcH0HighJlR
====End Log====


2022-11-05T23:42:08+00:00 DEBUG 
====Stripe Version: 6.9.0====
====Start Log====
Could not find order via charge ID: ch_3M0vzyKfkWAXhDcH036Sn7Rz
====End Log====


