2022-11-10T16:21:01+00:00 DEBUG 
====Stripe Version: 6.9.0====
====Start Log====
payment_intents/pi_3Kdgu4KfkWAXhDcH1sT5tFSg?expand[]=payment_method request: Array
(
)

====End Log====


2022-11-10T16:21:06+00:00 DEBUG 
====Stripe Version: 6.9.0====
====Start Log====
payment_intents/pi_3Kdgu4KfkWAXhDcH1sT5tFSg?expand[]=payment_method request: Array
(
)

====End Log====


2022-11-10T16:25:46+00:00 DEBUG 
====Stripe Version: 6.9.0====
====Start Log====
customers/cus_LHjglj8nKOvwia/sources request: Array
(
    [limit] => 100
)

====End Log====


