2022-11-08T01:16:36+00:00 DEBUG 
====Stripe Version: 6.9.0====
====Start Log====
customers/cus_MEX0sksddzfu6U/sources request: Array
(
    [limit] => 100
)

====End Log====


2022-11-08T01:17:26+00:00 DEBUG 
====Stripe Version: 6.9.0====
====Start Log====
customers/cus_MEX0sksddzfu6U request: Array
(
    [email] => Dr_muala@mancavemedspa.com
    [description] => Name: Mancave Medspa, Username: SMuala
    [name] => Mancave Medspa
    [metadata] => Array
        (
        )

    [preferred_locales] => Array
        (
            [0] => en-US
        )

)

====End Log====


2022-11-08T01:17:26+00:00 DEBUG 
====Stripe Version: 6.9.0====
====Start Log====
sources/src_1LW3wFKfkWAXhDcH09rnoJ2d
====End Log====


2022-11-08T01:17:27+00:00 DEBUG 
====Stripe Version: 6.9.0====
====Start Log====
Info: Begin processing payment for order 5629 for the amount of 35.13
====End Log====


2022-11-08T01:17:27+00:00 DEBUG 
====Stripe Version: 6.9.0====
====Start Log====
payment_intents request: Array
(
    [source] => src_1LW3wFKfkWAXhDcH09rnoJ2d
    [amount] => 3513
    [currency] => usd
    [description] => Metabolic Code - Order 790
    [metadata] => Array
        (
            [customer_name] => Mancave Medspa
            [customer_email] => dr_muala@mancavemedspa.com
            [order_id] => 790
            [site_url] => https://www.metaboliccode.com
        )

    [capture_method] => automatic
    [payment_method_types] => Array
        (
            [0] => card
        )

    [customer] => cus_MEX0sksddzfu6U
    [shipping] => Array
        (
            [name] => Sarah Lish
            [address] => Array
                (
                    [line1] => 130 Palm Lane
                    [line2] => 
                    [city] => Phoenix
                    [country] => US
                    [postal_code] => 85003
                    [state] => AZ
                )

        )

)

====End Log====


2022-11-08T01:17:27+00:00 DEBUG 
====Stripe Version: 6.9.0====
====Start Log====
Stripe PaymentIntent pi_3M1gRPKfkWAXhDcH1oEksJRB initiated for order 5629
====End Log====


2022-11-08T01:17:27+00:00 DEBUG 
====Stripe Version: 6.9.0====
====Start Log====
payment_intents/pi_3M1gRPKfkWAXhDcH1oEksJRB/confirm request: Array
(
    [source] => src_1LW3wFKfkWAXhDcH09rnoJ2d
    [level3] => Array
        (
            [merchant_reference] => 5629
            [shipping_amount] => 290
            [line_items] => Array
                (
                    [0] => stdClass Object
                        (
                            [product_code] => 2583
                            [product_description] => Pro Flora Max+
                            [unit_cost] => 3223
                            [quantity] => 1
                            [tax_amount] => 0
                            [discount_amount] => 0
                        )

                )

            [shipping_address_zip] => 85003
            [shipping_from_zip] => 45202
        )

)

====End Log====


2022-11-08T01:17:30+00:00 DEBUG 
====Stripe Version: 6.9.0====
====Start Log====
Stripe PaymentIntent pi_3M1gRPKfkWAXhDcH1oEksJRB succeeded for order 5629
====End Log====


2022-11-08T01:17:30+00:00 DEBUG 
====Stripe Version: 6.9.0====
====Start Log====
Processing response: stdClass Object
(
    [id] => ch_3M1gRPKfkWAXhDcH1sk5ayeJ
    [object] => charge
    [amount] => 3513
    [amount_captured] => 3513
    [amount_refunded] => 0
    [application] => ca_BC3QvYOCCxiOW3Klo6zL8KlBgSHzwTKn
    [application_fee] => 
    [application_fee_amount] => 
    [balance_transaction] => txn_3M1gRPKfkWAXhDcH17OMO6c4
    [billing_details] => stdClass Object
        (
            [address] => stdClass Object
                (
                    [city] => Scottsdale
                    [country] => US
                    [line1] => 7950 E Acoma Dr
                    [line2] => Suite 210
                    [postal_code] => 85260
                    [state] => AZ
                )

            [email] => dr_muala@mancavemedspa.com
            [name] => Mancave Medspa
            [phone] => 8317562399
        )

    [calculated_statement_descriptor] => METABOLIC CODE
    [captured] => 1
    [created] => 1667870248
    [currency] => usd
    [customer] => cus_MEX0sksddzfu6U
    [description] => Metabolic Code - Order 790
    [destination] => 
    [dispute] => 
    [disputed] => 
    [failure_balance_transaction] => 
    [failure_code] => 
    [failure_message] => 
    [fraud_details] => stdClass Object
        (
        )

    [invoice] => 
    [level3] => stdClass Object
        (
            [line_items] => Array
                (
                    [0] => stdClass Object
                        (
                            [discount_amount] => 0
                            [product_code] => 2583
                            [product_description] => Pro Flora Max+
                            [quantity] => 1
                            [tax_amount] => 0
                            [unit_cost] => 3223
                        )

                )

            [merchant_reference] => 5629
            [shipping_address_zip] => 85003
            [shipping_amount] => 290
            [shipping_from_zip] => 45202
        )

    [livemode] => 1
    [metadata] => stdClass Object
        (
            [customer_email] => dr_muala@mancavemedspa.com
            [customer_name] => Mancave Medspa
            [order_id] => 790
            [site_url] => https://www.metaboliccode.com
        )

    [on_behalf_of] => 
    [order] => 
    [outcome] => stdClass Object
        (
            [network_status] => approved_by_network
            [reason] => 
            [risk_level] => normal
            [seller_message] => Payment complete.
            [type] => authorized
        )

    [paid] => 1
    [payment_intent] => pi_3M1gRPKfkWAXhDcH1oEksJRB
    [payment_method] => src_1LW3wFKfkWAXhDcH09rnoJ2d
    [payment_method_details] => stdClass Object
        (
            [card] => stdClass Object
                (
                    [brand] => visa
                    [checks] => stdClass Object
                        (
                            [address_line1_check] => pass
                            [address_postal_code_check] => pass
                            [cvc_check] => 
                        )

                    [country] => US
                    [exp_month] => 2
                    [exp_year] => 2026
                    [fingerprint] => bLskQcRjYdtuJy68
                    [funding] => debit
                    [installments] => 
                    [last4] => 6195
                    [mandate] => 
                    [network] => visa
                    [three_d_secure] => 
                    [wallet] => 
                )

            [type] => card
        )

    [receipt_email] => Dr_muala@mancavemedspa.com
    [receipt_number] => 1315-7029
    [receipt_url] => https://pay.stripe.com/receipts/payment/CAcQARoXChVhY2N0XzFGbm53eEtma1dBWGhEY0goqdymmwYyBjGmGwT8SDosFvjkyVl-GnL3oK4bR7l3rYa0xraAPjQZSg4biooZvQV3uoyG0c9ZUvTNR6k
    [refunded] => 
    [refunds] => stdClass Object
        (
            [object] => list
            [data] => Array
                (
                )

            [has_more] => 
            [total_count] => 0
            [url] => /v1/charges/ch_3M1gRPKfkWAXhDcH1sk5ayeJ/refunds
        )

    [review] => 
    [shipping] => stdClass Object
        (
            [address] => stdClass Object
                (
                    [city] => Phoenix
                    [country] => US
                    [line1] => 130 Palm Lane
                    [line2] => 
                    [postal_code] => 85003
                    [state] => AZ
                )

            [carrier] => 
            [name] => Sarah Lish
            [phone] => 
            [tracking_number] => 
        )

    [source] => stdClass Object
        (
            [id] => src_1LW3wFKfkWAXhDcH09rnoJ2d
            [object] => source
            [amount] => 
            [card] => stdClass Object
                (
                    [address_line1_check] => pass
                    [address_zip_check] => pass
                    [brand] => Visa
                    [country] => US
                    [cvc_check] => 
                    [dynamic_last4] => 
                    [exp_month] => 2
                    [exp_year] => 2026
                    [fingerprint] => bLskQcRjYdtuJy68
                    [funding] => debit
                    [last4] => 6195
                    [name] => 
                    [three_d_secure] => optional
                    [tokenization_method] => 
                )

            [client_secret] => src_client_secret_phe8K0uoOY0DaRTzdxU8MpUo
            [created] => 1667870249
            [currency] => 
            [customer] => cus_MEX0sksddzfu6U
            [flow] => none
            [livemode] => 1
            [metadata] => stdClass Object
                (
                )

            [owner] => stdClass Object
                (
                    [address] => stdClass Object
                        (
                            [city] => Scottsdale
                            [country] => US
                            [line1] => 7950 E Acoma Dr
                            [line2] => Suite 210
                            [postal_code] => 85260
                            [state] => AZ
                        )

                    [email] => dr_muala@mancavemedspa.com
                    [name] => Mancave Medspa
                    [phone] => 8317562399
                    [verified_address] => 
                    [verified_email] => 
                    [verified_name] => 
                    [verified_phone] => 
                )

            [statement_descriptor] => 
            [status] => chargeable
            [type] => card
            [usage] => reusable
        )

    [source_transfer] => 
    [statement_descriptor] => 
    [statement_descriptor_suffix] => 
    [status] => succeeded
    [transfer_data] => 
    [transfer_group] => 
)

====End Log====


2022-11-08T01:17:30+00:00 DEBUG 
====Stripe Version: 6.9.0====
====Start Log====
balance/history/txn_3M1gRPKfkWAXhDcH17OMO6c4
====End Log====


